2026-01-15 09:17:38 - powerbi_data - INFO - Buscando dados do Power BI...
2026-01-15 09:17:42 - powerbi_data - INFO - OK - Dados de 8 departamentos obtidos
2026-01-15 09:17:42 - unidades_client - INFO - Fetching lookups: Unidades...
2026-01-15 09:17:42 - unidades_client - INFO - Fetching unidades page 1...
2026-01-15 09:17:43 - unidades_client - INFO - Fetching unidades page 5...
2026-01-15 09:17:43 - unidades_client - INFO - Fetching unidades page 10...
2026-01-15 09:17:44 - unidades_client - INFO - Fetching unidades page 15...
2026-01-15 09:17:44 - unidades_client - INFO - Fetching unidades page 20...
2026-01-15 09:17:44 - unidades_client - INFO - Fetching unidades page 25...
2026-01-15 09:17:44 - unidades_client - INFO - Fetching unidades page 30...
2026-01-15 09:17:45 - unidades_client - INFO - Fetching unidades page 35...
2026-01-15 09:17:45 - unidades_client - INFO - Fetching unidades page 40...
2026-01-15 09:17:45 - unidades_client - INFO - Fetching unidades page 45...
2026-01-15 09:17:45 - unidades_client - INFO - Fetching modelos page 1...
2026-01-15 09:17:46 - unidades_client - INFO - Fetching modelos page 5...
2026-01-15 09:17:46 - unidades_client - INFO - Fetching modelos page 10...
2026-01-15 09:17:47 - unidades_client - INFO - Fetching modelos page 15...
2026-01-15 09:17:47 - unidades_client - INFO - Fetching modelos page 20...
2026-01-15 09:17:48 - unidades_client - INFO - Fetching modelos page 25...
2026-01-15 09:17:48 - unidades_client - INFO - Fetching modelos page 30...
2026-01-15 09:17:48 - unidades_client - INFO - Fetching modelos page 35...
2026-01-15 09:17:49 - unidades_client - INFO - Fetching modelos page 40...
2026-01-15 09:17:49 - unidades_client - INFO - Fetching modelos page 45...
2026-01-15 09:17:50 - unidades_client - INFO - Fetching modelos page 50...
2026-01-15 09:17:50 - unidades_client - INFO - Fetching modelos page 55...
2026-01-15 09:17:51 - unidades_client - INFO - Fetching modelos page 60...
2026-01-15 09:17:51 - unidades_client - INFO - Fetching modelos page 65...
2026-01-15 09:17:52 - unidades_client - INFO - Fetching modelos page 70...
2026-01-15 09:17:52 - unidades_client - INFO - Filtering 7213 items for min_date 2026-01-15...
2026-01-15 09:17:52 - unidades_client - INFO - Found 0 items.
