2026-01-23 11:30:27 - unidades_client - INFO - Fetching full data from SOURCE API: https://nexusdata.duckdns.org/api/v1/unidades/
2026-01-23 11:30:27 - unidades_client - INFO - Page 1 fetched 500 items. Total so far: 500
2026-01-23 11:30:27 - unidades_client - INFO - Page 2 fetched 500 items. Total so far: 1000
2026-01-23 11:30:27 - unidades_client - INFO - Page 3 fetched 500 items. Total so far: 1500
2026-01-23 11:30:27 - unidades_client - INFO - Page 4 fetched 500 items. Total so far: 2000
2026-01-23 11:30:28 - unidades_client - INFO - Page 5 fetched 500 items. Total so far: 2500
2026-01-23 11:30:28 - unidades_client - INFO - Page 6 fetched 500 items. Total so far: 3000
2026-01-23 11:30:28 - unidades_client - INFO - Page 7 fetched 500 items. Total so far: 3500
2026-01-23 11:30:28 - unidades_client - INFO - Page 8 fetched 500 items. Total so far: 4000
2026-01-23 11:30:28 - unidades_client - INFO - Page 9 fetched 419 items. Total so far: 4419
2026-01-23 11:30:33 - unidades_client - INFO - Fetching full data from SOURCE API: https://nexusdata.duckdns.org/api/v1/participantes/
2026-01-23 11:30:33 - unidades_client - INFO - Page 1 fetched 500 items. Total so far: 500
2026-01-23 11:30:33 - unidades_client - INFO - Page 2 fetched 499 items. Total so far: 999
2026-01-23 11:30:34 - unidades_client - INFO - Fetching full data from SOURCE API: https://nexusdata.duckdns.org/api/v1/modelos/
2026-01-23 11:30:34 - unidades_client - INFO - Page 1 fetched 500 items. Total so far: 500
2026-01-23 11:30:35 - unidades_client - INFO - Page 2 fetched 500 items. Total so far: 1000
2026-01-23 11:30:35 - unidades_client - INFO - Page 3 fetched 500 items. Total so far: 1500
2026-01-23 11:30:35 - unidades_client - INFO - Page 4 fetched 500 items. Total so far: 2000
2026-01-23 11:30:35 - unidades_client - INFO - Page 5 fetched 500 items. Total so far: 2500
2026-01-23 11:30:35 - unidades_client - INFO - Page 6 fetched 500 items. Total so far: 3000
2026-01-23 11:30:35 - unidades_client - INFO - Page 7 fetched 500 items. Total so far: 3500
2026-01-23 11:30:35 - unidades_client - INFO - Page 8 fetched 500 items. Total so far: 4000
2026-01-23 11:30:35 - unidades_client - INFO - Page 9 fetched 500 items. Total so far: 4500
2026-01-23 11:30:35 - unidades_client - INFO - Page 10 fetched 500 items. Total so far: 5000
2026-01-23 11:30:36 - unidades_client - INFO - Page 11 fetched 500 items. Total so far: 5500
2026-01-23 11:30:36 - unidades_client - INFO - Page 12 fetched 500 items. Total so far: 6000
2026-01-23 11:30:36 - unidades_client - INFO - Page 13 fetched 500 items. Total so far: 6500
2026-01-23 11:30:36 - unidades_client - INFO - Page 14 fetched 500 items. Total so far: 7000
2026-01-23 11:30:36 - unidades_client - INFO - Page 15 fetched 227 items. Total so far: 7227
2026-01-26 15:14:44 - run_unidades - INFO - 
--- Processando Unidades ---
2026-01-26 15:14:44 - run_unidades - INFO -    [Processando] Relatório Diário (Ref: 2026-01-23)
2026-01-26 15:14:44 - unidades_client - INFO - Fetching lookups: Participantes...
2026-01-26 15:14:44 - unidades_client - INFO - Fetching data from Supabase table: nexus_participantes
2026-01-26 15:14:50 - run_unidades - INFO - 
--- Processando Unidades ---
2026-01-26 15:14:50 - run_unidades - INFO -    [Processando] Relatório Semanal (Semana Anterior Completa): 2026-01-19 a 2026-01-25
2026-01-26 15:14:50 - unidades_client - INFO - Fetching lookups: Participantes...
2026-01-26 15:14:50 - unidades_client - INFO - Fetching data from Supabase table: nexus_participantes
2026-01-26 15:15:01 - unidades_client - INFO - Fetched 28799 rows from nexus_participantes.
2026-01-26 15:15:01 - unidades_client - INFO - Fetching lookups: Unidades...
2026-01-26 15:15:01 - unidades_client - INFO - Fetching data from Supabase table: nexus_unidades
2026-01-26 15:15:03 - unidades_client - INFO - Fetched 4540 rows from nexus_unidades.
2026-01-26 15:15:03 - unidades_client - INFO - Fetching data from Supabase table: nexus_modelos
2026-01-26 15:15:06 - unidades_client - INFO - Fetched 28799 rows from nexus_participantes.
2026-01-26 15:15:06 - unidades_client - INFO - Fetching lookups: Unidades...
2026-01-26 15:15:06 - unidades_client - INFO - Fetching data from Supabase table: nexus_unidades
2026-01-26 15:15:07 - unidades_client - INFO - Fetched 7227 rows from nexus_modelos.
2026-01-26 15:15:07 - run_unidades - INFO -    [INFO] Imagem gerada (apenas geração): .\images\Relatório de Unidades Diárias 2026-01-23.pdf
2026-01-26 15:15:07 - run_unidades - INFO -    [INFO] Link: https://bi.grupostudio.tec.br/reports/unidades?start=2026-01-23&end=2026-01-23&type=daily
2026-01-26 15:15:08 - unidades_client - INFO - Fetched 4540 rows from nexus_unidades.
2026-01-26 15:15:08 - unidades_client - INFO - Fetching data from Supabase table: nexus_modelos
2026-01-26 15:15:11 - unidades_client - INFO - Fetched 7227 rows from nexus_modelos.
2026-01-26 15:15:11 - run_unidades - INFO -    [INFO] Imagem gerada (apenas geração): .\images\Relatório de Unidades Semanal 2026-01-19 a 2026-01-25.pdf
2026-01-26 15:18:15 - run_unidades - INFO - 
--- Processando Unidades ---
2026-01-26 15:18:15 - run_unidades - INFO -    [Processando] Relatório Diário (Ref: 2026-01-23)
2026-01-26 15:18:15 - run_unidades - INFO -    [Cleanup] Removido arquivo antigo: Relatório de Unidades Diárias 2026-01-23.pdf
2026-01-26 15:18:15 - unidades_client - INFO - Fetching lookups: Participantes...
2026-01-26 15:18:15 - unidades_client - INFO - Fetching data from Supabase table: nexus_participantes
2026-01-26 15:18:20 - run_unidades - INFO - 
--- Processando Unidades ---
2026-01-26 15:18:20 - run_unidades - INFO -    [Processando] Relatório Semanal (Semana Anterior Completa): 2026-01-19 a 2026-01-25
2026-01-26 15:18:20 - unidades_client - INFO - Fetching lookups: Participantes...
2026-01-26 15:18:20 - unidades_client - INFO - Fetching data from Supabase table: nexus_participantes
2026-01-26 15:18:29 - unidades_client - INFO - Fetched 28799 rows from nexus_participantes.
2026-01-26 15:18:29 - unidades_client - INFO - Fetching lookups: Unidades...
2026-01-26 15:18:29 - unidades_client - INFO - Fetching data from Supabase table: nexus_unidades
2026-01-26 15:18:31 - unidades_client - INFO - Fetched 4540 rows from nexus_unidades.
2026-01-26 15:18:31 - unidades_client - INFO - Fetching data from Supabase table: nexus_modelos
2026-01-26 15:18:33 - unidades_client - INFO - Fetched 28799 rows from nexus_participantes.
2026-01-26 15:18:33 - unidades_client - INFO - Fetching lookups: Unidades...
2026-01-26 15:18:33 - unidades_client - INFO - Fetching data from Supabase table: nexus_unidades
2026-01-26 15:18:34 - unidades_client - INFO - Fetched 4540 rows from nexus_unidades.
2026-01-26 15:18:34 - unidades_client - INFO - Fetching data from Supabase table: nexus_modelos
2026-01-26 15:18:35 - unidades_client - INFO - Fetched 7227 rows from nexus_modelos.
2026-01-26 15:18:35 - run_unidades - INFO -    [INFO] Imagem gerada (apenas geração): .\images\Relatório de Unidades Diárias 2026-01-23.pdf
2026-01-26 15:18:35 - run_unidades - INFO -    [INFO] Link: https://bi.grupostudio.tec.br/reports/unidades?start=2026-01-23&end=2026-01-23&type=daily
2026-01-26 15:18:37 - unidades_client - INFO - Fetched 7227 rows from nexus_modelos.
2026-01-26 15:18:37 - run_unidades - INFO -    [Cleanup] Removido arquivo antigo: Relatório de Unidades Semanal 2026-01-19 a 2026-01-25.pdf
2026-01-26 15:18:37 - run_unidades - INFO -    [INFO] Imagem gerada (apenas geração): .\images\Relatório de Unidades Semanal 2026-01-19 a 2026-01-25.pdf
2026-01-26 15:43:23 - run_jobs - INFO - --- Starting Jobs Sync ---
2026-01-26 15:43:23 - jobs_client - INFO - Fetching Jobs from: https://nexusdata.duckdns.org/api/v1/jobs/
2026-01-26 15:43:24 - jobs_client - INFO - Page 1: Fetched 500 items. Total so far: 500
2026-01-26 15:43:24 - jobs_client - INFO - Page 2: Fetched 500 items. Total so far: 1000
2026-01-26 15:43:24 - jobs_client - INFO - Page 3: Fetched 500 items. Total so far: 1500
2026-01-26 15:43:24 - jobs_client - INFO - Page 4: Fetched 500 items. Total so far: 2000
2026-01-26 15:43:24 - jobs_client - INFO - Page 5: Fetched 500 items. Total so far: 2500
2026-01-26 15:43:25 - jobs_client - INFO - Page 6: Fetched 500 items. Total so far: 3000
2026-01-26 15:43:25 - jobs_client - INFO - Page 7: Fetched 500 items. Total so far: 3500
2026-01-26 15:43:25 - jobs_client - INFO - Page 8: Fetched 500 items. Total so far: 4000
2026-01-26 15:43:25 - jobs_client - INFO - Page 9: Fetched 500 items. Total so far: 4500
2026-01-26 15:43:25 - jobs_client - INFO - Page 10: Fetched 500 items. Total so far: 5000
2026-01-26 15:43:25 - jobs_client - INFO - Page 11: Fetched 500 items. Total so far: 5500
2026-01-26 15:43:25 - jobs_client - INFO - Page 12: Fetched 500 items. Total so far: 6000
2026-01-26 15:43:26 - jobs_client - INFO - Page 13: Fetched 500 items. Total so far: 6500
2026-01-26 15:43:26 - jobs_client - INFO - Page 14: Fetched 500 items. Total so far: 7000
2026-01-26 15:43:26 - jobs_client - INFO - Page 15: Fetched 500 items. Total so far: 7500
2026-01-26 15:43:26 - jobs_client - INFO - Page 16: Fetched 500 items. Total so far: 8000
2026-01-26 15:43:26 - jobs_client - INFO - Page 17: Fetched 500 items. Total so far: 8500
2026-01-26 15:43:26 - jobs_client - INFO - Page 18: Fetched 500 items. Total so far: 9000
2026-01-26 15:43:26 - jobs_client - INFO - Page 19: Fetched 500 items. Total so far: 9500
2026-01-26 15:43:27 - jobs_client - INFO - Page 20: Fetched 500 items. Total so far: 10000
2026-01-26 15:43:27 - jobs_client - INFO - Page 21: Fetched 500 items. Total so far: 10500
2026-01-26 15:43:27 - jobs_client - INFO - Page 22: Fetched 500 items. Total so far: 11000
2026-01-26 15:43:27 - jobs_client - INFO - Page 23: Fetched 500 items. Total so far: 11500
2026-01-26 15:43:27 - jobs_client - INFO - Page 24: Fetched 500 items. Total so far: 12000
2026-01-26 15:43:27 - jobs_client - INFO - Page 25: Fetched 500 items. Total so far: 12500
2026-01-26 15:43:28 - jobs_client - INFO - Page 26: Fetched 500 items. Total so far: 13000
2026-01-26 15:43:28 - jobs_client - INFO - Page 27: Fetched 500 items. Total so far: 13500
2026-01-26 15:43:28 - jobs_client - INFO - Page 28: Fetched 500 items. Total so far: 14000
2026-01-26 15:43:28 - jobs_client - INFO - Page 29: Fetched 500 items. Total so far: 14500
2026-01-26 15:43:28 - jobs_client - INFO - Page 30: Fetched 500 items. Total so far: 15000
2026-01-26 15:43:28 - jobs_client - INFO - Page 31: Fetched 500 items. Total so far: 15500
2026-01-26 15:43:28 - jobs_client - INFO - Page 32: Fetched 500 items. Total so far: 16000
2026-01-26 15:43:29 - jobs_client - INFO - Page 33: Fetched 500 items. Total so far: 16500
2026-01-26 15:43:29 - jobs_client - INFO - Page 34: Fetched 500 items. Total so far: 17000
2026-01-26 15:43:29 - jobs_client - INFO - Page 35: Fetched 500 items. Total so far: 17500
2026-01-26 15:43:29 - jobs_client - INFO - Page 36: Fetched 500 items. Total so far: 18000
2026-01-26 15:43:29 - jobs_client - INFO - Page 37: Fetched 500 items. Total so far: 18500
2026-01-26 15:43:29 - jobs_client - INFO - Page 38: Fetched 500 items. Total so far: 19000
2026-01-26 15:43:30 - jobs_client - INFO - Page 39: Fetched 500 items. Total so far: 19500
2026-01-26 15:43:30 - jobs_client - INFO - Page 40: Fetched 500 items. Total so far: 20000
2026-01-26 15:43:30 - jobs_client - INFO - Page 41: Fetched 500 items. Total so far: 20500
2026-01-26 15:43:30 - jobs_client - INFO - Page 42: Fetched 500 items. Total so far: 21000
2026-01-26 15:43:30 - jobs_client - INFO - Page 43: Fetched 500 items. Total so far: 21500
2026-01-26 15:43:30 - jobs_client - INFO - Page 44: Fetched 500 items. Total so far: 22000
2026-01-26 15:43:31 - jobs_client - INFO - Page 45: Fetched 500 items. Total so far: 22500
2026-01-26 15:43:31 - jobs_client - INFO - Page 46: Fetched 500 items. Total so far: 23000
2026-01-26 15:43:31 - jobs_client - INFO - Page 47: Fetched 500 items. Total so far: 23500
2026-01-26 15:43:31 - jobs_client - INFO - Page 48: Fetched 500 items. Total so far: 24000
2026-01-26 15:43:31 - jobs_client - INFO - Page 49: Fetched 500 items. Total so far: 24500
2026-01-26 15:43:32 - jobs_client - INFO - Page 50: Fetched 500 items. Total so far: 25000
2026-01-26 15:43:32 - jobs_client - INFO - Page 51: Fetched 500 items. Total so far: 25500
2026-01-26 15:43:32 - jobs_client - INFO - Page 52: Fetched 500 items. Total so far: 26000
2026-01-26 15:43:32 - jobs_client - INFO - Page 53: Fetched 500 items. Total so far: 26500
2026-01-26 15:43:32 - jobs_client - INFO - Page 54: Fetched 500 items. Total so far: 27000
2026-01-26 15:43:32 - jobs_client - INFO - Page 55: Fetched 500 items. Total so far: 27500
2026-01-26 15:43:33 - jobs_client - INFO - Page 56: Fetched 500 items. Total so far: 28000
2026-01-26 15:43:33 - jobs_client - INFO - Page 57: Fetched 500 items. Total so far: 28500
2026-01-26 15:43:33 - jobs_client - INFO - Page 58: Fetched 500 items. Total so far: 29000
2026-01-26 15:43:33 - jobs_client - INFO - Page 59: Fetched 500 items. Total so far: 29500
2026-01-26 15:43:33 - jobs_client - INFO - Page 60: Fetched 500 items. Total so far: 30000
2026-01-26 15:43:33 - jobs_client - INFO - Page 61: Fetched 500 items. Total so far: 30500
2026-01-26 15:43:34 - jobs_client - INFO - Page 62: Fetched 500 items. Total so far: 31000
2026-01-26 15:43:34 - jobs_client - INFO - Page 63: Fetched 500 items. Total so far: 31500
2026-01-26 15:43:34 - jobs_client - INFO - Page 64: Fetched 500 items. Total so far: 32000
2026-01-26 15:43:34 - jobs_client - INFO - Page 65: Fetched 500 items. Total so far: 32500
2026-01-26 15:43:34 - jobs_client - INFO - Page 66: Fetched 500 items. Total so far: 33000
2026-01-26 15:43:34 - jobs_client - INFO - Page 67: Fetched 500 items. Total so far: 33500
2026-01-26 15:43:35 - jobs_client - INFO - Page 68: Fetched 500 items. Total so far: 34000
2026-01-26 15:43:35 - jobs_client - INFO - Page 69: Fetched 500 items. Total so far: 34500
2026-01-26 15:43:35 - jobs_client - INFO - Page 70: Fetched 500 items. Total so far: 35000
2026-01-26 15:43:35 - jobs_client - INFO - Page 71: Fetched 500 items. Total so far: 35500
2026-01-26 15:43:35 - jobs_client - INFO - Page 72: Fetched 500 items. Total so far: 36000
2026-01-26 15:43:35 - jobs_client - INFO - Page 73: Fetched 500 items. Total so far: 36500
2026-01-26 15:43:36 - jobs_client - INFO - Page 74: Fetched 500 items. Total so far: 37000
2026-01-26 15:43:36 - jobs_client - INFO - Page 75: Fetched 500 items. Total so far: 37500
2026-01-26 15:43:36 - jobs_client - INFO - Page 76: Fetched 500 items. Total so far: 38000
2026-01-26 15:43:36 - jobs_client - INFO - Page 77: Fetched 500 items. Total so far: 38500
2026-01-26 15:43:36 - jobs_client - INFO - Page 78: Fetched 500 items. Total so far: 39000
2026-01-26 15:43:36 - jobs_client - INFO - Page 79: Fetched 500 items. Total so far: 39500
2026-01-26 15:43:37 - jobs_client - INFO - Page 80: Fetched 500 items. Total so far: 40000
2026-01-26 15:43:37 - jobs_client - INFO - Page 81: Fetched 500 items. Total so far: 40500
2026-01-26 15:43:37 - jobs_client - INFO - Page 82: Fetched 500 items. Total so far: 41000
2026-01-26 15:43:37 - jobs_client - INFO - Page 83: Fetched 500 items. Total so far: 41500
2026-01-26 15:43:37 - jobs_client - INFO - Page 84: Fetched 500 items. Total so far: 42000
2026-01-26 15:43:38 - jobs_client - INFO - Page 85: Fetched 500 items. Total so far: 42500
2026-01-26 15:43:38 - jobs_client - INFO - Page 86: Fetched 500 items. Total so far: 43000
2026-01-26 15:43:38 - jobs_client - INFO - Page 87: Fetched 500 items. Total so far: 43500
2026-01-26 15:43:38 - jobs_client - INFO - Page 88: Fetched 500 items. Total so far: 44000
2026-01-26 15:43:38 - jobs_client - INFO - Page 89: Fetched 500 items. Total so far: 44500
2026-01-26 15:43:38 - jobs_client - INFO - Page 90: Fetched 500 items. Total so far: 45000
2026-01-26 15:43:39 - jobs_client - INFO - Page 91: Fetched 500 items. Total so far: 45500
2026-01-26 15:43:39 - jobs_client - INFO - Page 92: Fetched 500 items. Total so far: 46000
2026-01-26 15:43:39 - jobs_client - INFO - Page 93: Fetched 500 items. Total so far: 46500
2026-01-26 15:43:39 - jobs_client - INFO - Page 94: Fetched 500 items. Total so far: 47000
2026-01-26 15:43:39 - jobs_client - INFO - Page 95: Fetched 500 items. Total so far: 47500
2026-01-26 15:43:39 - jobs_client - INFO - Page 96: Fetched 500 items. Total so far: 48000
2026-01-26 15:43:40 - jobs_client - INFO - Page 97: Fetched 500 items. Total so far: 48500
2026-01-26 15:43:40 - jobs_client - INFO - Page 98: Fetched 500 items. Total so far: 49000
2026-01-26 15:43:40 - jobs_client - INFO - Page 99: Fetched 500 items. Total so far: 49500
2026-01-26 15:43:40 - jobs_client - INFO - Page 100: Fetched 500 items. Total so far: 50000
2026-01-26 15:43:40 - jobs_client - INFO - Page 101: Fetched 500 items. Total so far: 50500
2026-01-26 15:43:40 - jobs_client - INFO - Page 102: Fetched 500 items. Total so far: 51000
2026-01-26 15:43:41 - jobs_client - INFO - Page 103: Fetched 500 items. Total so far: 51500
2026-01-26 15:43:41 - jobs_client - INFO - Page 104: Fetched 500 items. Total so far: 52000
2026-01-26 15:43:41 - jobs_client - INFO - Page 105: Fetched 500 items. Total so far: 52500
2026-01-26 15:43:41 - jobs_client - INFO - Page 106: Fetched 500 items. Total so far: 53000
2026-01-26 15:43:41 - jobs_client - INFO - Page 107: Fetched 500 items. Total so far: 53500
2026-01-26 15:43:42 - jobs_client - INFO - Page 108: Fetched 500 items. Total so far: 54000
2026-01-26 15:43:42 - jobs_client - INFO - Page 109: Fetched 500 items. Total so far: 54500
2026-01-26 15:43:42 - jobs_client - INFO - Page 110: Fetched 500 items. Total so far: 55000
2026-01-26 15:43:42 - jobs_client - INFO - Page 111: Fetched 500 items. Total so far: 55500
2026-01-26 15:43:42 - jobs_client - INFO - Page 112: Fetched 500 items. Total so far: 56000
2026-01-26 15:43:42 - jobs_client - INFO - Page 113: Fetched 500 items. Total so far: 56500
2026-01-26 15:43:43 - jobs_client - INFO - Page 114: Fetched 500 items. Total so far: 57000
2026-01-26 15:43:43 - jobs_client - INFO - Page 115: Fetched 500 items. Total so far: 57500
2026-01-26 15:43:43 - jobs_client - INFO - Page 116: Fetched 500 items. Total so far: 58000
2026-01-26 15:43:43 - jobs_client - INFO - Page 117: Fetched 500 items. Total so far: 58500
2026-01-26 15:43:43 - jobs_client - INFO - Page 118: Fetched 500 items. Total so far: 59000
2026-01-26 15:43:43 - jobs_client - INFO - Page 119: Fetched 500 items. Total so far: 59500
2026-01-26 15:43:44 - jobs_client - INFO - Page 120: Fetched 500 items. Total so far: 60000
2026-01-26 15:43:44 - jobs_client - INFO - Page 121: Fetched 500 items. Total so far: 60500
2026-01-26 15:43:44 - jobs_client - INFO - Page 122: Fetched 500 items. Total so far: 61000
2026-01-26 15:43:44 - jobs_client - INFO - Page 123: Fetched 500 items. Total so far: 61500
2026-01-26 15:43:44 - jobs_client - INFO - Page 124: Fetched 500 items. Total so far: 62000
2026-01-26 15:43:44 - jobs_client - INFO - Page 125: Fetched 500 items. Total so far: 62500
2026-01-26 15:43:45 - jobs_client - INFO - Page 126: Fetched 500 items. Total so far: 63000
2026-01-26 15:43:45 - jobs_client - INFO - Page 127: Fetched 500 items. Total so far: 63500
2026-01-26 15:43:45 - jobs_client - INFO - Page 128: Fetched 500 items. Total so far: 64000
2026-01-26 15:43:45 - jobs_client - INFO - Page 129: Fetched 500 items. Total so far: 64500
2026-01-26 15:43:45 - jobs_client - INFO - Page 130: Fetched 500 items. Total so far: 65000
2026-01-26 15:43:46 - jobs_client - INFO - Page 131: Fetched 500 items. Total so far: 65500
2026-01-26 15:43:46 - jobs_client - INFO - Page 132: Fetched 500 items. Total so far: 66000
2026-01-26 15:43:46 - jobs_client - INFO - Page 133: Fetched 500 items. Total so far: 66500
2026-01-26 15:43:46 - jobs_client - INFO - Page 134: Fetched 500 items. Total so far: 67000
2026-01-26 15:43:46 - jobs_client - INFO - Page 135: Fetched 500 items. Total so far: 67500
2026-01-26 15:43:46 - jobs_client - INFO - Page 136: Fetched 500 items. Total so far: 68000
2026-01-26 15:43:47 - jobs_client - INFO - Page 137: Fetched 500 items. Total so far: 68500
2026-01-26 15:43:47 - jobs_client - INFO - Page 138: Fetched 500 items. Total so far: 69000
2026-01-26 15:43:47 - jobs_client - INFO - Page 139: Fetched 500 items. Total so far: 69500
2026-01-26 15:43:47 - jobs_client - INFO - Page 140: Fetched 500 items. Total so far: 70000
2026-01-26 15:43:47 - jobs_client - INFO - Page 141: Fetched 500 items. Total so far: 70500
2026-01-26 15:43:47 - jobs_client - INFO - Page 142: Fetched 500 items. Total so far: 71000
2026-01-26 15:43:48 - jobs_client - INFO - Page 143: Fetched 500 items. Total so far: 71500
2026-01-26 15:43:48 - jobs_client - INFO - Page 144: Fetched 500 items. Total so far: 72000
2026-01-26 15:43:48 - jobs_client - INFO - Page 145: Fetched 500 items. Total so far: 72500
2026-01-26 15:43:48 - jobs_client - INFO - Page 146: Fetched 500 items. Total so far: 73000
2026-01-26 15:43:48 - jobs_client - INFO - Page 147: Fetched 500 items. Total so far: 73500
2026-01-26 15:43:49 - jobs_client - INFO - Page 148: Fetched 500 items. Total so far: 74000
2026-01-26 15:43:49 - jobs_client - INFO - Page 149: Fetched 500 items. Total so far: 74500
2026-01-26 15:43:49 - jobs_client - INFO - Page 150: Fetched 500 items. Total so far: 75000
2026-01-26 15:43:49 - jobs_client - INFO - Page 151: Fetched 500 items. Total so far: 75500
2026-01-26 15:43:49 - jobs_client - INFO - Page 152: Fetched 500 items. Total so far: 76000
2026-01-26 15:43:49 - jobs_client - INFO - Page 153: Fetched 500 items. Total so far: 76500
2026-01-26 15:43:50 - jobs_client - INFO - Page 154: Fetched 500 items. Total so far: 77000
2026-01-26 15:43:50 - jobs_client - INFO - Page 155: Fetched 500 items. Total so far: 77500
2026-01-26 15:43:50 - jobs_client - INFO - Page 156: Fetched 500 items. Total so far: 78000
2026-01-26 15:43:50 - jobs_client - INFO - Page 157: Fetched 500 items. Total so far: 78500
2026-01-26 15:43:50 - jobs_client - INFO - Page 158: Fetched 500 items. Total so far: 79000
2026-01-26 15:43:50 - jobs_client - INFO - Page 159: Fetched 500 items. Total so far: 79500
2026-01-26 15:43:51 - jobs_client - INFO - Page 160: Fetched 500 items. Total so far: 80000
2026-01-26 15:43:51 - jobs_client - INFO - Page 161: Fetched 500 items. Total so far: 80500
2026-01-26 15:43:51 - jobs_client - INFO - Page 162: Fetched 500 items. Total so far: 81000
2026-01-26 15:43:51 - jobs_client - INFO - Page 163: Fetched 500 items. Total so far: 81500
2026-01-26 15:43:51 - jobs_client - INFO - Page 164: Fetched 500 items. Total so far: 82000
2026-01-26 15:43:51 - jobs_client - INFO - Page 165: Fetched 500 items. Total so far: 82500
2026-01-26 15:43:52 - jobs_client - INFO - Page 166: Fetched 500 items. Total so far: 83000
2026-01-26 15:43:52 - jobs_client - INFO - Page 167: Fetched 500 items. Total so far: 83500
2026-01-26 15:43:52 - jobs_client - INFO - Page 168: Fetched 500 items. Total so far: 84000
2026-01-26 15:43:52 - jobs_client - INFO - Page 169: Fetched 500 items. Total so far: 84500
2026-01-26 15:43:52 - jobs_client - INFO - Page 170: Fetched 500 items. Total so far: 85000
2026-01-26 15:43:52 - jobs_client - INFO - Page 171: Fetched 500 items. Total so far: 85500
2026-01-26 15:43:53 - jobs_client - INFO - Page 172: Fetched 500 items. Total so far: 86000
2026-01-26 15:43:53 - jobs_client - INFO - Page 173: Fetched 500 items. Total so far: 86500
2026-01-26 15:43:53 - jobs_client - INFO - Page 174: Fetched 500 items. Total so far: 87000
2026-01-26 15:43:53 - jobs_client - INFO - Page 175: Fetched 500 items. Total so far: 87500
2026-01-26 15:43:53 - jobs_client - INFO - Page 176: Fetched 500 items. Total so far: 88000
2026-01-26 15:43:53 - jobs_client - INFO - Page 177: Fetched 500 items. Total so far: 88500
2026-01-26 15:43:54 - jobs_client - INFO - Page 178: Fetched 500 items. Total so far: 89000
2026-01-26 15:43:54 - jobs_client - INFO - Page 179: Fetched 500 items. Total so far: 89500
2026-01-26 15:43:54 - jobs_client - INFO - Page 180: Fetched 500 items. Total so far: 90000
2026-01-26 15:43:54 - jobs_client - INFO - Page 181: Fetched 500 items. Total so far: 90500
2026-01-26 15:43:54 - jobs_client - INFO - Page 182: Fetched 500 items. Total so far: 91000
2026-01-26 15:43:55 - jobs_client - INFO - Page 183: Fetched 500 items. Total so far: 91500
2026-01-26 15:43:55 - jobs_client - INFO - Page 184: Fetched 500 items. Total so far: 92000
2026-01-26 15:43:55 - jobs_client - INFO - Page 185: Fetched 500 items. Total so far: 92500
2026-01-26 15:43:55 - jobs_client - INFO - Page 186: Fetched 500 items. Total so far: 93000
2026-01-26 15:43:55 - jobs_client - INFO - Page 187: Fetched 500 items. Total so far: 93500
2026-01-26 15:43:56 - jobs_client - INFO - Page 188: Fetched 500 items. Total so far: 94000
2026-01-26 15:43:56 - jobs_client - INFO - Page 189: Fetched 500 items. Total so far: 94500
2026-01-26 15:43:56 - jobs_client - INFO - Page 190: Fetched 500 items. Total so far: 95000
2026-01-26 15:43:56 - jobs_client - INFO - Page 191: Fetched 500 items. Total so far: 95500
2026-01-26 15:43:56 - jobs_client - INFO - Page 192: Fetched 500 items. Total so far: 96000
2026-01-26 15:43:57 - jobs_client - INFO - Page 193: Fetched 500 items. Total so far: 96500
2026-01-26 15:43:57 - jobs_client - INFO - Page 194: Fetched 500 items. Total so far: 97000
2026-01-26 15:43:57 - jobs_client - INFO - Page 195: Fetched 500 items. Total so far: 97500
2026-01-26 15:43:57 - jobs_client - INFO - Page 196: Fetched 500 items. Total so far: 98000
2026-01-26 15:43:57 - jobs_client - INFO - Page 197: Fetched 500 items. Total so far: 98500
2026-01-26 15:43:58 - jobs_client - INFO - Page 198: Fetched 500 items. Total so far: 99000
2026-01-26 15:43:58 - jobs_client - INFO - Page 199: Fetched 500 items. Total so far: 99500
2026-01-26 15:43:58 - jobs_client - INFO - Page 200: Fetched 500 items. Total so far: 100000
2026-01-26 15:43:58 - jobs_client - INFO - Page 201: Fetched 500 items. Total so far: 100500
2026-01-26 15:43:58 - jobs_client - INFO - Page 202: Fetched 500 items. Total so far: 101000
2026-01-26 15:43:59 - jobs_client - INFO - Page 203: Fetched 500 items. Total so far: 101500
2026-01-26 15:43:59 - jobs_client - INFO - Page 204: Fetched 500 items. Total so far: 102000
2026-01-26 15:43:59 - jobs_client - INFO - Page 205: Fetched 500 items. Total so far: 102500
2026-01-26 15:43:59 - jobs_client - INFO - Page 206: Fetched 500 items. Total so far: 103000
2026-01-26 15:44:00 - jobs_client - INFO - Page 207: Fetched 500 items. Total so far: 103500
2026-01-26 15:44:00 - jobs_client - INFO - Page 208: Fetched 500 items. Total so far: 104000
2026-01-26 15:44:00 - jobs_client - INFO - Page 209: Fetched 454 items. Total so far: 104454
2026-01-26 15:44:00 - run_jobs - INFO - Fetched 104454 jobs from Data Lake.
2026-01-26 15:44:00 - run_jobs - INFO - Transforming data...
2026-01-26 15:44:00 - run_jobs - INFO - Prepared 104454 items for upsert.
2026-01-26 15:44:00 - run_jobs - INFO - Upserting batch 0 to 500...
2026-01-26 15:44:02 - run_jobs - INFO - Upserting batch 500 to 1000...
2026-01-26 15:44:03 - run_jobs - INFO - Upserting batch 1000 to 1500...
2026-01-26 15:44:04 - run_jobs - INFO - Upserting batch 1500 to 2000...
2026-01-26 15:44:04 - run_jobs - INFO - Upserting batch 2000 to 2500...
2026-01-26 15:44:05 - run_jobs - INFO - Upserting batch 2500 to 3000...
2026-01-26 15:44:06 - run_jobs - INFO - Upserting batch 3000 to 3500...
2026-01-26 15:44:06 - run_jobs - INFO - Upserting batch 3500 to 4000...
2026-01-26 15:44:07 - run_jobs - INFO - Upserting batch 4000 to 4500...
2026-01-26 15:44:08 - run_jobs - INFO - Upserting batch 4500 to 5000...
2026-01-26 15:44:08 - run_jobs - INFO - Upserting batch 5000 to 5500...
2026-01-26 15:44:09 - run_jobs - INFO - Upserting batch 5500 to 6000...
2026-01-26 15:44:10 - run_jobs - INFO - Upserting batch 6000 to 6500...
2026-01-26 15:44:10 - run_jobs - INFO - Upserting batch 6500 to 7000...
2026-01-26 15:44:11 - run_jobs - INFO - Upserting batch 7000 to 7500...
2026-01-26 15:44:11 - run_jobs - INFO - Upserting batch 7500 to 8000...
2026-01-26 15:44:12 - run_jobs - INFO - Upserting batch 8000 to 8500...
2026-01-26 15:44:13 - run_jobs - INFO - Upserting batch 8500 to 9000...
2026-01-26 15:44:13 - run_jobs - INFO - Upserting batch 9000 to 9500...
2026-01-26 15:44:14 - run_jobs - INFO - Upserting batch 9500 to 10000...
2026-01-26 15:44:15 - run_jobs - INFO - Upserting batch 10000 to 10500...
2026-01-26 15:44:16 - run_jobs - INFO - Upserting batch 10500 to 11000...
2026-01-26 15:44:16 - run_jobs - INFO - Upserting batch 11000 to 11500...
2026-01-26 15:44:17 - run_jobs - INFO - Upserting batch 11500 to 12000...
2026-01-26 15:44:17 - run_jobs - INFO - Upserting batch 12000 to 12500...
2026-01-26 15:44:18 - run_jobs - INFO - Upserting batch 12500 to 13000...
2026-01-26 15:44:19 - run_jobs - INFO - Upserting batch 13000 to 13500...
2026-01-26 15:44:19 - run_jobs - INFO - Upserting batch 13500 to 14000...
2026-01-26 15:44:20 - run_jobs - INFO - Upserting batch 14000 to 14500...
2026-01-26 15:44:21 - run_jobs - INFO - Upserting batch 14500 to 15000...
2026-01-26 15:44:21 - run_jobs - INFO - Upserting batch 15000 to 15500...
2026-01-26 15:44:22 - run_jobs - INFO - Upserting batch 15500 to 16000...
2026-01-26 15:44:23 - run_jobs - INFO - Upserting batch 16000 to 16500...
2026-01-26 15:44:23 - run_jobs - INFO - Upserting batch 16500 to 17000...
2026-01-26 15:44:24 - run_jobs - INFO - Upserting batch 17000 to 17500...
2026-01-26 15:44:25 - run_jobs - INFO - Upserting batch 17500 to 18000...
2026-01-26 15:44:25 - run_jobs - INFO - Upserting batch 18000 to 18500...
2026-01-26 15:44:26 - run_jobs - INFO - Upserting batch 18500 to 19000...
2026-01-26 15:44:26 - run_jobs - INFO - Upserting batch 19000 to 19500...
2026-01-26 15:44:27 - run_jobs - INFO - Upserting batch 19500 to 20000...
2026-01-26 15:44:28 - run_jobs - INFO - Upserting batch 20000 to 20500...
2026-01-26 15:44:28 - run_jobs - INFO - Upserting batch 20500 to 21000...
2026-01-26 15:44:29 - run_jobs - INFO - Upserting batch 21000 to 21500...
2026-01-26 15:44:30 - run_jobs - INFO - Upserting batch 21500 to 22000...
2026-01-26 15:44:30 - run_jobs - INFO - Upserting batch 22000 to 22500...
2026-01-26 15:44:31 - run_jobs - INFO - Upserting batch 22500 to 23000...
2026-01-26 15:44:32 - run_jobs - INFO - Upserting batch 23000 to 23500...
2026-01-26 15:44:32 - run_jobs - INFO - Upserting batch 23500 to 24000...
2026-01-26 15:44:33 - run_jobs - INFO - Upserting batch 24000 to 24500...
2026-01-26 15:44:34 - run_jobs - INFO - Upserting batch 24500 to 25000...
2026-01-26 15:44:34 - run_jobs - INFO - Upserting batch 25000 to 25500...
2026-01-26 15:44:35 - run_jobs - INFO - Upserting batch 25500 to 26000...
2026-01-26 15:44:35 - run_jobs - INFO - Upserting batch 26000 to 26500...
2026-01-26 15:44:36 - run_jobs - INFO - Upserting batch 26500 to 27000...
2026-01-26 15:44:37 - run_jobs - INFO - Upserting batch 27000 to 27500...
2026-01-26 15:44:37 - run_jobs - INFO - Upserting batch 27500 to 28000...
2026-01-26 15:44:38 - run_jobs - INFO - Upserting batch 28000 to 28500...
2026-01-26 15:44:39 - run_jobs - INFO - Upserting batch 28500 to 29000...
2026-01-26 15:44:40 - run_jobs - INFO - Upserting batch 29000 to 29500...
2026-01-26 15:44:40 - run_jobs - INFO - Upserting batch 29500 to 30000...
2026-01-26 15:44:41 - run_jobs - INFO - Upserting batch 30000 to 30500...
2026-01-26 15:44:42 - run_jobs - INFO - Upserting batch 30500 to 31000...
2026-01-26 15:44:42 - run_jobs - INFO - Upserting batch 31000 to 31500...
2026-01-26 15:44:43 - run_jobs - INFO - Upserting batch 31500 to 32000...
2026-01-26 15:44:43 - run_jobs - INFO - Upserting batch 32000 to 32500...
2026-01-26 15:44:44 - run_jobs - INFO - Upserting batch 32500 to 33000...
2026-01-26 15:44:45 - run_jobs - INFO - Upserting batch 33000 to 33500...
2026-01-26 15:44:45 - run_jobs - INFO - Upserting batch 33500 to 34000...
2026-01-26 15:44:46 - run_jobs - INFO - Upserting batch 34000 to 34500...
2026-01-26 15:44:47 - run_jobs - INFO - Upserting batch 34500 to 35000...
2026-01-26 15:44:47 - run_jobs - INFO - Upserting batch 35000 to 35500...
2026-01-26 15:44:48 - run_jobs - INFO - Upserting batch 35500 to 36000...
2026-01-26 15:44:49 - run_jobs - INFO - Upserting batch 36000 to 36500...
2026-01-26 15:44:49 - run_jobs - INFO - Upserting batch 36500 to 37000...
2026-01-26 15:44:50 - run_jobs - INFO - Upserting batch 37000 to 37500...
2026-01-26 15:44:50 - run_jobs - INFO - Upserting batch 37500 to 38000...
2026-01-26 15:44:51 - run_jobs - INFO - Upserting batch 38000 to 38500...
2026-01-26 15:44:52 - run_jobs - INFO - Upserting batch 38500 to 39000...
2026-01-26 15:44:52 - run_jobs - INFO - Upserting batch 39000 to 39500...
2026-01-26 15:44:53 - run_jobs - INFO - Upserting batch 39500 to 40000...
2026-01-26 15:44:54 - run_jobs - INFO - Upserting batch 40000 to 40500...
2026-01-26 15:44:55 - run_jobs - INFO - Upserting batch 40500 to 41000...
2026-01-26 15:44:55 - run_jobs - INFO - Upserting batch 41000 to 41500...
2026-01-26 15:44:56 - run_jobs - INFO - Upserting batch 41500 to 42000...
2026-01-26 15:44:57 - run_jobs - INFO - Upserting batch 42000 to 42500...
2026-01-26 15:44:57 - run_jobs - INFO - Upserting batch 42500 to 43000...
2026-01-26 15:44:58 - run_jobs - INFO - Upserting batch 43000 to 43500...
2026-01-26 15:44:59 - run_jobs - INFO - Upserting batch 43500 to 44000...
2026-01-26 15:45:00 - run_jobs - INFO - Upserting batch 44000 to 44500...
2026-01-26 15:45:00 - run_jobs - INFO - Upserting batch 44500 to 45000...
2026-01-26 15:45:01 - run_jobs - INFO - Upserting batch 45000 to 45500...
2026-01-26 15:45:02 - run_jobs - INFO - Upserting batch 45500 to 46000...
2026-01-26 15:45:02 - run_jobs - INFO - Upserting batch 46000 to 46500...
2026-01-26 15:45:03 - run_jobs - INFO - Upserting batch 46500 to 47000...
2026-01-26 15:45:04 - run_jobs - INFO - Upserting batch 47000 to 47500...
2026-01-26 15:45:05 - run_jobs - INFO - Upserting batch 47500 to 48000...
2026-01-26 15:45:06 - run_jobs - INFO - Upserting batch 48000 to 48500...
2026-01-26 15:45:06 - run_jobs - INFO - Upserting batch 48500 to 49000...
2026-01-26 15:45:07 - run_jobs - INFO - Upserting batch 49000 to 49500...
2026-01-26 15:45:08 - run_jobs - INFO - Upserting batch 49500 to 50000...
2026-01-26 15:45:08 - run_jobs - INFO - Upserting batch 50000 to 50500...
2026-01-26 15:45:09 - run_jobs - INFO - Upserting batch 50500 to 51000...
2026-01-26 15:45:10 - run_jobs - INFO - Upserting batch 51000 to 51500...
2026-01-26 15:45:10 - run_jobs - INFO - Upserting batch 51500 to 52000...
2026-01-26 15:45:11 - run_jobs - INFO - Upserting batch 52000 to 52500...
2026-01-26 15:45:12 - run_jobs - INFO - Upserting batch 52500 to 53000...
2026-01-26 15:45:12 - run_jobs - INFO - Upserting batch 53000 to 53500...
2026-01-26 15:45:13 - run_jobs - INFO - Upserting batch 53500 to 54000...
2026-01-26 15:45:14 - run_jobs - INFO - Upserting batch 54000 to 54500...
2026-01-26 15:45:14 - run_jobs - INFO - Upserting batch 54500 to 55000...
2026-01-26 15:45:15 - run_jobs - INFO - Upserting batch 55000 to 55500...
2026-01-26 15:45:16 - run_jobs - INFO - Upserting batch 55500 to 56000...
2026-01-26 15:45:17 - run_jobs - INFO - Upserting batch 56000 to 56500...
2026-01-26 15:45:17 - run_jobs - INFO - Upserting batch 56500 to 57000...
2026-01-26 15:45:18 - run_jobs - INFO - Upserting batch 57000 to 57500...
2026-01-26 15:45:19 - run_jobs - INFO - Upserting batch 57500 to 58000...
2026-01-26 15:45:20 - run_jobs - INFO - Upserting batch 58000 to 58500...
2026-01-26 15:45:21 - run_jobs - INFO - Upserting batch 58500 to 59000...
2026-01-26 15:45:22 - run_jobs - INFO - Upserting batch 59000 to 59500...
2026-01-26 15:45:22 - run_jobs - INFO - Upserting batch 59500 to 60000...
2026-01-26 15:45:23 - run_jobs - INFO - Upserting batch 60000 to 60500...
2026-01-26 15:45:24 - run_jobs - INFO - Upserting batch 60500 to 61000...
2026-01-26 15:45:25 - run_jobs - INFO - Upserting batch 61000 to 61500...
2026-01-26 15:45:25 - run_jobs - INFO - Upserting batch 61500 to 62000...
2026-01-26 15:45:26 - run_jobs - INFO - Upserting batch 62000 to 62500...
2026-01-26 15:45:27 - run_jobs - INFO - Upserting batch 62500 to 63000...
2026-01-26 15:45:28 - run_jobs - INFO - Upserting batch 63000 to 63500...
2026-01-26 15:45:28 - run_jobs - INFO - Upserting batch 63500 to 64000...
2026-01-26 15:45:29 - run_jobs - INFO - Upserting batch 64000 to 64500...
2026-01-26 15:45:30 - run_jobs - INFO - Upserting batch 64500 to 65000...
2026-01-26 15:45:31 - run_jobs - INFO - Upserting batch 65000 to 65500...
2026-01-26 15:45:31 - run_jobs - INFO - Upserting batch 65500 to 66000...
2026-01-26 15:45:32 - run_jobs - INFO - Upserting batch 66000 to 66500...
2026-01-26 15:45:33 - run_jobs - INFO - Upserting batch 66500 to 67000...
2026-01-26 15:45:34 - run_jobs - INFO - Upserting batch 67000 to 67500...
2026-01-26 15:45:35 - run_jobs - INFO - Upserting batch 67500 to 68000...
2026-01-26 15:45:36 - run_jobs - INFO - Upserting batch 68000 to 68500...
2026-01-26 15:45:36 - run_jobs - INFO - Upserting batch 68500 to 69000...
2026-01-26 15:45:37 - run_jobs - INFO - Upserting batch 69000 to 69500...
2026-01-26 15:45:38 - run_jobs - INFO - Upserting batch 69500 to 70000...
2026-01-26 15:45:38 - run_jobs - INFO - Upserting batch 70000 to 70500...
2026-01-26 15:45:39 - run_jobs - INFO - Upserting batch 70500 to 71000...
2026-01-26 15:45:40 - run_jobs - INFO - Upserting batch 71000 to 71500...
2026-01-26 15:45:40 - run_jobs - INFO - Upserting batch 71500 to 72000...
2026-01-26 15:45:41 - run_jobs - INFO - Upserting batch 72000 to 72500...
2026-01-26 15:45:42 - run_jobs - INFO - Upserting batch 72500 to 73000...
2026-01-26 15:45:42 - run_jobs - INFO - Upserting batch 73000 to 73500...
2026-01-26 15:45:43 - run_jobs - INFO - Upserting batch 73500 to 74000...
2026-01-26 15:45:43 - run_jobs - INFO - Upserting batch 74000 to 74500...
2026-01-26 15:45:44 - run_jobs - INFO - Upserting batch 74500 to 75000...
2026-01-26 15:45:45 - run_jobs - INFO - Upserting batch 75000 to 75500...
2026-01-26 15:45:45 - run_jobs - INFO - Upserting batch 75500 to 76000...
2026-01-26 15:45:46 - run_jobs - INFO - Upserting batch 76000 to 76500...
2026-01-26 15:45:47 - run_jobs - INFO - Upserting batch 76500 to 77000...
2026-01-26 15:45:47 - run_jobs - INFO - Upserting batch 77000 to 77500...
2026-01-26 15:45:48 - run_jobs - INFO - Upserting batch 77500 to 78000...
2026-01-26 15:45:49 - run_jobs - INFO - Upserting batch 78000 to 78500...
2026-01-26 15:45:49 - run_jobs - INFO - Upserting batch 78500 to 79000...
2026-01-26 15:45:50 - run_jobs - INFO - Upserting batch 79000 to 79500...
2026-01-26 15:45:50 - run_jobs - INFO - Upserting batch 79500 to 80000...
2026-01-26 15:45:51 - run_jobs - INFO - Upserting batch 80000 to 80500...
2026-01-26 15:45:52 - run_jobs - INFO - Upserting batch 80500 to 81000...
2026-01-26 15:45:52 - run_jobs - INFO - Upserting batch 81000 to 81500...
2026-01-26 15:45:53 - run_jobs - INFO - Upserting batch 81500 to 82000...
2026-01-26 15:45:54 - run_jobs - INFO - Upserting batch 82000 to 82500...
2026-01-26 15:45:54 - run_jobs - INFO - Upserting batch 82500 to 83000...
2026-01-26 15:45:55 - run_jobs - INFO - Upserting batch 83000 to 83500...
2026-01-26 15:45:56 - run_jobs - INFO - Upserting batch 83500 to 84000...
2026-01-26 15:45:56 - run_jobs - INFO - Upserting batch 84000 to 84500...
2026-01-26 15:45:57 - run_jobs - INFO - Upserting batch 84500 to 85000...
2026-01-26 15:45:58 - run_jobs - INFO - Upserting batch 85000 to 85500...
2026-01-26 15:45:59 - run_jobs - INFO - Upserting batch 85500 to 86000...
2026-01-26 15:46:00 - run_jobs - INFO - Upserting batch 86000 to 86500...
2026-01-26 15:46:01 - run_jobs - INFO - Upserting batch 86500 to 87000...
2026-01-26 15:46:02 - run_jobs - INFO - Upserting batch 87000 to 87500...
2026-01-26 15:46:02 - run_jobs - INFO - Upserting batch 87500 to 88000...
2026-01-26 15:46:03 - run_jobs - INFO - Upserting batch 88000 to 88500...
2026-01-26 15:46:04 - run_jobs - INFO - Upserting batch 88500 to 89000...
2026-01-26 15:46:05 - run_jobs - INFO - Upserting batch 89000 to 89500...
2026-01-26 15:46:05 - run_jobs - INFO - Upserting batch 89500 to 90000...
2026-01-26 15:46:06 - run_jobs - INFO - Upserting batch 90000 to 90500...
2026-01-26 15:46:07 - run_jobs - INFO - Upserting batch 90500 to 91000...
2026-01-26 15:46:08 - run_jobs - INFO - Upserting batch 91000 to 91500...
2026-01-26 15:46:08 - run_jobs - INFO - Upserting batch 91500 to 92000...
2026-01-26 15:46:09 - run_jobs - INFO - Upserting batch 92000 to 92500...
2026-01-26 15:46:11 - run_jobs - INFO - Upserting batch 92500 to 93000...
2026-01-26 15:46:14 - run_jobs - INFO - Upserting batch 93000 to 93500...
2026-01-26 15:46:15 - run_jobs - INFO - Upserting batch 93500 to 94000...
2026-01-26 15:46:16 - run_jobs - INFO - Upserting batch 94000 to 94500...
2026-01-26 15:46:17 - run_jobs - INFO - Upserting batch 94500 to 95000...
2026-01-26 15:46:18 - run_jobs - INFO - Upserting batch 95000 to 95500...
2026-01-26 15:46:18 - run_jobs - INFO - Upserting batch 95500 to 96000...
2026-01-26 15:46:19 - run_jobs - INFO - Upserting batch 96000 to 96500...
2026-01-26 15:46:20 - run_jobs - INFO - Upserting batch 96500 to 97000...
2026-01-26 15:46:21 - run_jobs - INFO - Upserting batch 97000 to 97500...
2026-01-26 15:46:22 - run_jobs - INFO - Upserting batch 97500 to 98000...
2026-01-26 15:46:23 - run_jobs - INFO - Upserting batch 98000 to 98500...
2026-01-26 15:46:24 - run_jobs - INFO - Upserting batch 98500 to 99000...
2026-01-26 15:46:25 - run_jobs - INFO - Upserting batch 99000 to 99500...
2026-01-26 15:46:26 - run_jobs - INFO - Upserting batch 99500 to 100000...
2026-01-26 15:46:28 - run_jobs - INFO - Upserting batch 100000 to 100500...
2026-01-26 15:46:29 - run_jobs - INFO - Upserting batch 100500 to 101000...
2026-01-26 15:46:33 - run_jobs - INFO - Upserting batch 101000 to 101500...
2026-01-26 15:46:36 - run_jobs - INFO - Upserting batch 101500 to 102000...
2026-01-26 15:46:38 - run_jobs - INFO - Upserting batch 102000 to 102500...
2026-01-26 15:46:42 - run_jobs - INFO - Upserting batch 102500 to 103000...
2026-01-26 15:46:43 - run_jobs - INFO - Upserting batch 103000 to 103500...
2026-01-26 15:46:46 - run_jobs - INFO - Upserting batch 103500 to 104000...
2026-01-26 15:46:48 - run_jobs - INFO - Upserting batch 104000 to 104454...
2026-01-26 15:46:51 - run_jobs - INFO - Jobs Sync Completed Successfully!
2026-01-26 15:59:37 - run_jobs - INFO - --- Starting Jobs Sync ---
2026-01-26 15:59:37 - jobs_client - INFO - Fetching Jobs from: https://nexusdata.duckdns.org/api/v1/jobs/
2026-01-26 15:59:37 - jobs_client - INFO - Page 1: Fetched 500 items. Total so far: 500
2026-01-26 15:59:38 - jobs_client - INFO - Page 2: Fetched 500 items. Total so far: 1000
2026-01-26 15:59:38 - jobs_client - INFO - Page 3: Fetched 500 items. Total so far: 1500
2026-01-26 15:59:38 - jobs_client - INFO - Page 4: Fetched 500 items. Total so far: 2000
2026-01-26 15:59:38 - jobs_client - INFO - Page 5: Fetched 500 items. Total so far: 2500
2026-01-26 15:59:38 - jobs_client - INFO - Page 6: Fetched 500 items. Total so far: 3000
2026-01-26 15:59:38 - jobs_client - INFO - Page 7: Fetched 500 items. Total so far: 3500
2026-01-26 15:59:38 - jobs_client - INFO - Page 8: Fetched 500 items. Total so far: 4000
2026-01-26 15:59:38 - jobs_client - INFO - Page 9: Fetched 500 items. Total so far: 4500
2026-01-26 15:59:39 - jobs_client - INFO - Page 10: Fetched 500 items. Total so far: 5000
2026-01-26 15:59:39 - jobs_client - INFO - Page 11: Fetched 500 items. Total so far: 5500
2026-01-26 15:59:39 - jobs_client - INFO - Page 12: Fetched 500 items. Total so far: 6000
2026-01-26 15:59:39 - jobs_client - INFO - Page 13: Fetched 500 items. Total so far: 6500
2026-01-26 15:59:39 - jobs_client - INFO - Page 14: Fetched 500 items. Total so far: 7000
2026-01-26 15:59:39 - jobs_client - INFO - Page 15: Fetched 500 items. Total so far: 7500
2026-01-26 15:59:39 - jobs_client - INFO - Page 16: Fetched 500 items. Total so far: 8000
2026-01-26 15:59:40 - jobs_client - INFO - Page 17: Fetched 500 items. Total so far: 8500
2026-01-26 15:59:40 - jobs_client - INFO - Page 18: Fetched 500 items. Total so far: 9000
2026-01-26 15:59:40 - jobs_client - INFO - Page 19: Fetched 500 items. Total so far: 9500
2026-01-26 15:59:40 - jobs_client - INFO - Page 20: Fetched 500 items. Total so far: 10000
2026-01-26 15:59:40 - jobs_client - INFO - Page 21: Fetched 500 items. Total so far: 10500
2026-01-26 15:59:40 - jobs_client - INFO - Page 22: Fetched 500 items. Total so far: 11000
2026-01-26 15:59:41 - jobs_client - INFO - Page 23: Fetched 500 items. Total so far: 11500
2026-01-26 15:59:41 - jobs_client - INFO - Page 24: Fetched 500 items. Total so far: 12000
2026-01-26 15:59:41 - jobs_client - INFO - Page 25: Fetched 500 items. Total so far: 12500
2026-01-26 15:59:41 - jobs_client - INFO - Page 26: Fetched 500 items. Total so far: 13000
2026-01-26 15:59:41 - jobs_client - INFO - Page 27: Fetched 500 items. Total so far: 13500
2026-01-26 15:59:41 - jobs_client - INFO - Page 28: Fetched 500 items. Total so far: 14000
2026-01-26 15:59:42 - jobs_client - INFO - Page 29: Fetched 500 items. Total so far: 14500
2026-01-26 15:59:42 - jobs_client - INFO - Page 30: Fetched 500 items. Total so far: 15000
2026-01-26 15:59:42 - jobs_client - INFO - Page 31: Fetched 500 items. Total so far: 15500
2026-01-26 15:59:42 - jobs_client - INFO - Page 32: Fetched 500 items. Total so far: 16000
2026-01-26 15:59:42 - jobs_client - INFO - Page 33: Fetched 500 items. Total so far: 16500
2026-01-26 15:59:42 - jobs_client - INFO - Page 34: Fetched 500 items. Total so far: 17000
2026-01-26 15:59:43 - jobs_client - INFO - Page 35: Fetched 500 items. Total so far: 17500
2026-01-26 15:59:43 - jobs_client - INFO - Page 36: Fetched 500 items. Total so far: 18000
2026-01-26 15:59:43 - jobs_client - INFO - Page 37: Fetched 500 items. Total so far: 18500
2026-01-26 15:59:43 - jobs_client - INFO - Page 38: Fetched 500 items. Total so far: 19000
2026-01-26 15:59:43 - jobs_client - INFO - Page 39: Fetched 500 items. Total so far: 19500
2026-01-26 15:59:43 - jobs_client - INFO - Page 40: Fetched 500 items. Total so far: 20000
2026-01-26 15:59:44 - jobs_client - INFO - Page 41: Fetched 500 items. Total so far: 20500
2026-01-26 15:59:44 - jobs_client - INFO - Page 42: Fetched 500 items. Total so far: 21000
2026-01-26 15:59:44 - jobs_client - INFO - Page 43: Fetched 500 items. Total so far: 21500
2026-01-26 15:59:44 - jobs_client - INFO - Page 44: Fetched 500 items. Total so far: 22000
2026-01-26 15:59:44 - jobs_client - INFO - Page 45: Fetched 500 items. Total so far: 22500
2026-01-26 15:59:44 - jobs_client - INFO - Page 46: Fetched 500 items. Total so far: 23000
2026-01-26 15:59:45 - jobs_client - INFO - Page 47: Fetched 500 items. Total so far: 23500
2026-01-26 15:59:45 - jobs_client - INFO - Page 48: Fetched 500 items. Total so far: 24000
2026-01-26 15:59:45 - jobs_client - INFO - Page 49: Fetched 500 items. Total so far: 24500
2026-01-26 15:59:45 - jobs_client - INFO - Page 50: Fetched 500 items. Total so far: 25000
2026-01-26 15:59:45 - jobs_client - INFO - Page 51: Fetched 500 items. Total so far: 25500
2026-01-26 15:59:45 - jobs_client - INFO - Page 52: Fetched 500 items. Total so far: 26000
2026-01-26 15:59:46 - jobs_client - INFO - Page 53: Fetched 500 items. Total so far: 26500
2026-01-26 15:59:46 - jobs_client - INFO - Page 54: Fetched 500 items. Total so far: 27000
2026-01-26 15:59:46 - jobs_client - INFO - Page 55: Fetched 500 items. Total so far: 27500
2026-01-26 15:59:46 - jobs_client - INFO - Page 56: Fetched 500 items. Total so far: 28000
2026-01-26 15:59:46 - jobs_client - INFO - Page 57: Fetched 500 items. Total so far: 28500
2026-01-26 15:59:47 - jobs_client - INFO - Page 58: Fetched 500 items. Total so far: 29000
2026-01-26 15:59:47 - jobs_client - INFO - Page 59: Fetched 500 items. Total so far: 29500
2026-01-26 15:59:47 - jobs_client - INFO - Page 60: Fetched 500 items. Total so far: 30000
2026-01-26 15:59:47 - jobs_client - INFO - Page 61: Fetched 500 items. Total so far: 30500
2026-01-26 15:59:47 - jobs_client - INFO - Page 62: Fetched 500 items. Total so far: 31000
2026-01-26 15:59:47 - jobs_client - INFO - Page 63: Fetched 500 items. Total so far: 31500
2026-01-26 15:59:48 - jobs_client - INFO - Page 64: Fetched 500 items. Total so far: 32000
2026-01-26 15:59:48 - jobs_client - INFO - Page 65: Fetched 500 items. Total so far: 32500
2026-01-26 15:59:48 - jobs_client - INFO - Page 66: Fetched 500 items. Total so far: 33000
2026-01-26 15:59:48 - jobs_client - INFO - Page 67: Fetched 500 items. Total so far: 33500
2026-01-26 15:59:48 - jobs_client - INFO - Page 68: Fetched 500 items. Total so far: 34000
2026-01-26 15:59:49 - jobs_client - INFO - Page 69: Fetched 500 items. Total so far: 34500
2026-01-26 15:59:49 - jobs_client - INFO - Page 70: Fetched 500 items. Total so far: 35000
2026-01-26 15:59:49 - jobs_client - INFO - Page 71: Fetched 500 items. Total so far: 35500
2026-01-26 15:59:49 - jobs_client - INFO - Page 72: Fetched 500 items. Total so far: 36000
2026-01-26 15:59:49 - jobs_client - INFO - Page 73: Fetched 500 items. Total so far: 36500
2026-01-26 15:59:49 - jobs_client - INFO - Page 74: Fetched 500 items. Total so far: 37000
2026-01-26 15:59:50 - jobs_client - INFO - Page 75: Fetched 500 items. Total so far: 37500
2026-01-26 15:59:50 - jobs_client - INFO - Page 76: Fetched 500 items. Total so far: 38000
2026-01-26 15:59:50 - jobs_client - INFO - Page 77: Fetched 500 items. Total so far: 38500
2026-01-26 15:59:50 - jobs_client - INFO - Page 78: Fetched 500 items. Total so far: 39000
2026-01-26 15:59:50 - jobs_client - INFO - Page 79: Fetched 500 items. Total so far: 39500
2026-01-26 15:59:51 - jobs_client - INFO - Page 80: Fetched 500 items. Total so far: 40000
2026-01-26 15:59:51 - jobs_client - INFO - Page 81: Fetched 500 items. Total so far: 40500
2026-01-26 15:59:51 - jobs_client - INFO - Page 82: Fetched 500 items. Total so far: 41000
2026-01-26 15:59:51 - jobs_client - INFO - Page 83: Fetched 500 items. Total so far: 41500
2026-01-26 15:59:51 - jobs_client - INFO - Page 84: Fetched 500 items. Total so far: 42000
2026-01-26 15:59:52 - jobs_client - INFO - Page 85: Fetched 500 items. Total so far: 42500
2026-01-26 15:59:52 - jobs_client - INFO - Page 86: Fetched 500 items. Total so far: 43000
2026-01-26 15:59:52 - jobs_client - INFO - Page 87: Fetched 500 items. Total so far: 43500
2026-01-26 15:59:52 - jobs_client - INFO - Page 88: Fetched 500 items. Total so far: 44000
2026-01-26 15:59:52 - jobs_client - INFO - Page 89: Fetched 500 items. Total so far: 44500
2026-01-26 15:59:52 - jobs_client - INFO - Page 90: Fetched 500 items. Total so far: 45000
2026-01-26 15:59:53 - jobs_client - INFO - Page 91: Fetched 500 items. Total so far: 45500
2026-01-26 15:59:53 - jobs_client - INFO - Page 92: Fetched 500 items. Total so far: 46000
2026-01-26 15:59:53 - jobs_client - INFO - Page 93: Fetched 500 items. Total so far: 46500
2026-01-26 15:59:53 - jobs_client - INFO - Page 94: Fetched 500 items. Total so far: 47000
2026-01-26 15:59:53 - jobs_client - INFO - Page 95: Fetched 500 items. Total so far: 47500
2026-01-26 15:59:53 - jobs_client - INFO - Page 96: Fetched 500 items. Total so far: 48000
2026-01-26 15:59:54 - jobs_client - INFO - Page 97: Fetched 500 items. Total so far: 48500
2026-01-26 15:59:54 - jobs_client - INFO - Page 98: Fetched 500 items. Total so far: 49000
2026-01-26 15:59:54 - jobs_client - INFO - Page 99: Fetched 500 items. Total so far: 49500
2026-01-26 15:59:54 - jobs_client - INFO - Page 100: Fetched 500 items. Total so far: 50000
2026-01-26 15:59:54 - jobs_client - INFO - Page 101: Fetched 500 items. Total so far: 50500
2026-01-26 15:59:54 - jobs_client - INFO - Page 102: Fetched 500 items. Total so far: 51000
2026-01-26 15:59:55 - jobs_client - INFO - Page 103: Fetched 500 items. Total so far: 51500
2026-01-26 15:59:55 - jobs_client - INFO - Page 104: Fetched 500 items. Total so far: 52000
2026-01-26 15:59:55 - jobs_client - INFO - Page 105: Fetched 500 items. Total so far: 52500
2026-01-26 15:59:55 - jobs_client - INFO - Page 106: Fetched 500 items. Total so far: 53000
2026-01-26 15:59:55 - jobs_client - INFO - Page 107: Fetched 500 items. Total so far: 53500
2026-01-26 15:59:56 - jobs_client - INFO - Page 108: Fetched 500 items. Total so far: 54000
2026-01-26 15:59:56 - jobs_client - INFO - Page 109: Fetched 500 items. Total so far: 54500
2026-01-26 15:59:56 - jobs_client - INFO - Page 110: Fetched 500 items. Total so far: 55000
2026-01-26 15:59:56 - jobs_client - INFO - Page 111: Fetched 500 items. Total so far: 55500
2026-01-26 15:59:56 - jobs_client - INFO - Page 112: Fetched 500 items. Total so far: 56000
2026-01-26 15:59:56 - jobs_client - INFO - Page 113: Fetched 500 items. Total so far: 56500
2026-01-26 15:59:57 - jobs_client - INFO - Page 114: Fetched 500 items. Total so far: 57000
2026-01-26 15:59:57 - jobs_client - INFO - Page 115: Fetched 500 items. Total so far: 57500
2026-01-26 15:59:57 - jobs_client - INFO - Page 116: Fetched 500 items. Total so far: 58000
2026-01-26 15:59:57 - jobs_client - INFO - Page 117: Fetched 500 items. Total so far: 58500
2026-01-26 15:59:57 - jobs_client - INFO - Page 118: Fetched 500 items. Total so far: 59000
2026-01-26 15:59:57 - jobs_client - INFO - Page 119: Fetched 500 items. Total so far: 59500
2026-01-26 15:59:58 - jobs_client - INFO - Page 120: Fetched 500 items. Total so far: 60000
2026-01-26 15:59:58 - jobs_client - INFO - Page 121: Fetched 500 items. Total so far: 60500
2026-01-26 15:59:58 - jobs_client - INFO - Page 122: Fetched 500 items. Total so far: 61000
2026-01-26 15:59:58 - jobs_client - INFO - Page 123: Fetched 500 items. Total so far: 61500
2026-01-26 15:59:58 - jobs_client - INFO - Page 124: Fetched 500 items. Total so far: 62000
2026-01-26 15:59:59 - jobs_client - INFO - Page 125: Fetched 500 items. Total so far: 62500
2026-01-26 15:59:59 - jobs_client - INFO - Page 126: Fetched 500 items. Total so far: 63000
2026-01-26 15:59:59 - jobs_client - INFO - Page 127: Fetched 500 items. Total so far: 63500
2026-01-26 15:59:59 - jobs_client - INFO - Page 128: Fetched 500 items. Total so far: 64000
2026-01-26 15:59:59 - jobs_client - INFO - Page 129: Fetched 500 items. Total so far: 64500
2026-01-26 16:00:00 - jobs_client - INFO - Page 130: Fetched 500 items. Total so far: 65000
2026-01-26 16:00:00 - jobs_client - INFO - Page 131: Fetched 500 items. Total so far: 65500
2026-01-26 16:00:00 - jobs_client - INFO - Page 132: Fetched 500 items. Total so far: 66000
2026-01-26 16:00:00 - jobs_client - INFO - Page 133: Fetched 500 items. Total so far: 66500
2026-01-26 16:00:00 - jobs_client - INFO - Page 134: Fetched 500 items. Total so far: 67000
2026-01-26 16:00:00 - jobs_client - INFO - Page 135: Fetched 500 items. Total so far: 67500
2026-01-26 16:00:01 - jobs_client - INFO - Page 136: Fetched 500 items. Total so far: 68000
2026-01-26 16:00:01 - jobs_client - INFO - Page 137: Fetched 500 items. Total so far: 68500
2026-01-26 16:00:01 - jobs_client - INFO - Page 138: Fetched 500 items. Total so far: 69000
2026-01-26 16:00:01 - jobs_client - INFO - Page 139: Fetched 500 items. Total so far: 69500
2026-01-26 16:00:02 - jobs_client - INFO - Page 140: Fetched 500 items. Total so far: 70000
2026-01-26 16:00:02 - jobs_client - INFO - Page 141: Fetched 500 items. Total so far: 70500
2026-01-26 16:00:02 - jobs_client - INFO - Page 142: Fetched 500 items. Total so far: 71000
2026-01-26 16:00:02 - jobs_client - INFO - Page 143: Fetched 500 items. Total so far: 71500
2026-01-26 16:00:02 - jobs_client - INFO - Page 144: Fetched 500 items. Total so far: 72000
2026-01-26 16:00:03 - jobs_client - INFO - Page 145: Fetched 500 items. Total so far: 72500
2026-01-26 16:00:03 - jobs_client - INFO - Page 146: Fetched 500 items. Total so far: 73000
2026-01-26 16:00:03 - jobs_client - INFO - Page 147: Fetched 500 items. Total so far: 73500
2026-01-26 16:00:03 - jobs_client - INFO - Page 148: Fetched 500 items. Total so far: 74000
2026-01-26 16:00:03 - jobs_client - INFO - Page 149: Fetched 500 items. Total so far: 74500
2026-01-26 16:00:03 - jobs_client - INFO - Page 150: Fetched 500 items. Total so far: 75000
2026-01-26 16:00:04 - jobs_client - INFO - Page 151: Fetched 500 items. Total so far: 75500
2026-01-26 16:00:04 - jobs_client - INFO - Page 152: Fetched 500 items. Total so far: 76000
2026-01-26 16:00:04 - jobs_client - INFO - Page 153: Fetched 500 items. Total so far: 76500
2026-01-26 16:00:04 - jobs_client - INFO - Page 154: Fetched 500 items. Total so far: 77000
2026-01-26 16:00:04 - jobs_client - INFO - Page 155: Fetched 500 items. Total so far: 77500
2026-01-26 16:00:04 - jobs_client - INFO - Page 156: Fetched 500 items. Total so far: 78000
2026-01-26 16:00:05 - jobs_client - INFO - Page 157: Fetched 500 items. Total so far: 78500
2026-01-26 16:00:05 - jobs_client - INFO - Page 158: Fetched 500 items. Total so far: 79000
2026-01-26 16:00:05 - jobs_client - INFO - Page 159: Fetched 500 items. Total so far: 79500
2026-01-26 16:00:05 - jobs_client - INFO - Page 160: Fetched 500 items. Total so far: 80000
2026-01-26 16:00:05 - jobs_client - INFO - Page 161: Fetched 500 items. Total so far: 80500
2026-01-26 16:00:06 - jobs_client - INFO - Page 162: Fetched 500 items. Total so far: 81000
2026-01-26 16:00:06 - jobs_client - INFO - Page 163: Fetched 500 items. Total so far: 81500
2026-01-26 16:00:06 - jobs_client - INFO - Page 164: Fetched 500 items. Total so far: 82000
2026-01-26 16:00:06 - jobs_client - INFO - Page 165: Fetched 500 items. Total so far: 82500
2026-01-26 16:00:07 - jobs_client - INFO - Page 166: Fetched 500 items. Total so far: 83000
2026-01-26 16:00:07 - jobs_client - INFO - Page 167: Fetched 500 items. Total so far: 83500
2026-01-26 16:00:07 - jobs_client - INFO - Page 168: Fetched 500 items. Total so far: 84000
2026-01-26 16:00:07 - jobs_client - INFO - Page 169: Fetched 500 items. Total so far: 84500
2026-01-26 16:00:07 - jobs_client - INFO - Page 170: Fetched 500 items. Total so far: 85000
2026-01-26 16:00:08 - jobs_client - INFO - Page 171: Fetched 500 items. Total so far: 85500
2026-01-26 16:00:08 - jobs_client - INFO - Page 172: Fetched 500 items. Total so far: 86000
2026-01-26 16:00:08 - jobs_client - INFO - Page 173: Fetched 500 items. Total so far: 86500
2026-01-26 16:00:08 - jobs_client - INFO - Page 174: Fetched 500 items. Total so far: 87000
2026-01-26 16:00:09 - jobs_client - INFO - Page 175: Fetched 500 items. Total so far: 87500
2026-01-26 16:00:09 - jobs_client - INFO - Page 176: Fetched 500 items. Total so far: 88000
2026-01-26 16:00:09 - jobs_client - INFO - Page 177: Fetched 500 items. Total so far: 88500
2026-01-26 16:00:09 - jobs_client - INFO - Page 178: Fetched 500 items. Total so far: 89000
2026-01-26 16:00:10 - jobs_client - INFO - Page 179: Fetched 500 items. Total so far: 89500
2026-01-26 16:00:10 - jobs_client - INFO - Page 180: Fetched 500 items. Total so far: 90000
2026-01-26 16:00:10 - jobs_client - INFO - Page 181: Fetched 500 items. Total so far: 90500
2026-01-26 16:00:10 - jobs_client - INFO - Page 182: Fetched 500 items. Total so far: 91000
2026-01-26 16:00:10 - jobs_client - INFO - Page 183: Fetched 500 items. Total so far: 91500
2026-01-26 16:00:11 - jobs_client - INFO - Page 184: Fetched 500 items. Total so far: 92000
2026-01-26 16:00:11 - jobs_client - INFO - Page 185: Fetched 500 items. Total so far: 92500
2026-01-26 16:00:11 - jobs_client - INFO - Page 186: Fetched 500 items. Total so far: 93000
2026-01-26 16:00:11 - jobs_client - INFO - Page 187: Fetched 500 items. Total so far: 93500
2026-01-26 16:00:12 - jobs_client - INFO - Page 188: Fetched 500 items. Total so far: 94000
2026-01-26 16:00:12 - jobs_client - INFO - Page 189: Fetched 500 items. Total so far: 94500
2026-01-26 16:00:12 - jobs_client - INFO - Page 190: Fetched 500 items. Total so far: 95000
2026-01-26 16:00:12 - jobs_client - INFO - Page 191: Fetched 500 items. Total so far: 95500
2026-01-26 16:00:12 - jobs_client - INFO - Page 192: Fetched 500 items. Total so far: 96000
2026-01-26 16:00:13 - jobs_client - INFO - Page 193: Fetched 500 items. Total so far: 96500
2026-01-26 16:00:13 - jobs_client - INFO - Page 194: Fetched 500 items. Total so far: 97000
2026-01-26 16:00:13 - jobs_client - INFO - Page 195: Fetched 500 items. Total so far: 97500
2026-01-26 16:00:13 - jobs_client - INFO - Page 196: Fetched 500 items. Total so far: 98000
2026-01-26 16:00:14 - jobs_client - INFO - Page 197: Fetched 500 items. Total so far: 98500
2026-01-26 16:00:14 - jobs_client - INFO - Page 198: Fetched 500 items. Total so far: 99000
2026-01-26 16:00:14 - jobs_client - INFO - Page 199: Fetched 500 items. Total so far: 99500
2026-01-26 16:00:14 - jobs_client - INFO - Page 200: Fetched 500 items. Total so far: 100000
2026-01-26 16:00:14 - jobs_client - INFO - Page 201: Fetched 500 items. Total so far: 100500
2026-01-26 16:00:15 - jobs_client - INFO - Page 202: Fetched 500 items. Total so far: 101000
2026-01-26 16:00:15 - jobs_client - INFO - Page 203: Fetched 500 items. Total so far: 101500
2026-01-26 16:00:15 - jobs_client - INFO - Page 204: Fetched 500 items. Total so far: 102000
2026-01-26 16:00:16 - jobs_client - INFO - Page 205: Fetched 500 items. Total so far: 102500
2026-01-26 16:00:16 - jobs_client - INFO - Page 206: Fetched 500 items. Total so far: 103000
2026-01-26 16:00:16 - jobs_client - INFO - Page 207: Fetched 500 items. Total so far: 103500
2026-01-26 16:00:16 - jobs_client - INFO - Page 208: Fetched 500 items. Total so far: 104000
2026-01-26 16:00:16 - jobs_client - INFO - Page 209: Fetched 454 items. Total so far: 104454
2026-01-26 16:00:16 - run_jobs - INFO - Fetched 104454 jobs from Data Lake.
2026-01-26 16:00:16 - run_jobs - INFO - Transforming data...
2026-01-26 16:00:17 - run_jobs - INFO - Prepared 104454 items for upsert.
2026-01-26 16:00:17 - run_jobs - INFO - Upserting batch 0 to 500...
2026-01-26 16:00:19 - run_jobs - INFO - Upserting batch 500 to 1000...
2026-01-26 16:00:20 - run_jobs - INFO - Upserting batch 1000 to 1500...
2026-01-26 16:00:21 - run_jobs - INFO - Upserting batch 1500 to 2000...
2026-01-26 16:00:22 - run_jobs - INFO - Upserting batch 2000 to 2500...
2026-01-26 16:00:23 - run_jobs - INFO - Upserting batch 2500 to 3000...
2026-01-26 16:00:23 - run_jobs - INFO - Upserting batch 3000 to 3500...
2026-01-26 16:00:24 - run_jobs - INFO - Upserting batch 3500 to 4000...
2026-01-26 16:00:25 - run_jobs - INFO - Upserting batch 4000 to 4500...
2026-01-26 16:00:26 - run_jobs - INFO - Upserting batch 4500 to 5000...
2026-01-26 16:00:26 - run_jobs - INFO - Upserting batch 5000 to 5500...
2026-01-26 16:00:28 - run_jobs - INFO - Upserting batch 5500 to 6000...
2026-01-26 16:00:29 - run_jobs - INFO - Upserting batch 6000 to 6500...
2026-01-26 16:00:30 - run_jobs - INFO - Upserting batch 6500 to 7000...
2026-01-26 16:00:30 - run_jobs - INFO - Upserting batch 7000 to 7500...
2026-01-26 16:00:31 - run_jobs - INFO - Upserting batch 7500 to 8000...
2026-01-26 16:00:32 - run_jobs - INFO - Upserting batch 8000 to 8500...
2026-01-26 16:00:33 - run_jobs - INFO - Upserting batch 8500 to 9000...
2026-01-26 16:00:34 - run_jobs - INFO - Upserting batch 9000 to 9500...
2026-01-26 16:00:34 - run_jobs - INFO - Upserting batch 9500 to 10000...
2026-01-26 16:00:36 - run_jobs - INFO - Upserting batch 10000 to 10500...
2026-01-26 16:00:37 - run_jobs - INFO - Upserting batch 10500 to 11000...
2026-01-26 16:00:38 - run_jobs - INFO - Upserting batch 11000 to 11500...
2026-01-26 16:00:39 - run_jobs - INFO - Upserting batch 11500 to 12000...
2026-01-26 16:00:39 - run_jobs - INFO - Upserting batch 12000 to 12500...
2026-01-26 16:00:40 - run_jobs - INFO - Upserting batch 12500 to 13000...
2026-01-26 16:00:41 - run_jobs - INFO - Upserting batch 13000 to 13500...
2026-01-26 16:00:42 - run_jobs - INFO - Upserting batch 13500 to 14000...
2026-01-26 16:00:43 - run_jobs - INFO - Upserting batch 14000 to 14500...
2026-01-26 16:00:43 - run_jobs - INFO - Upserting batch 14500 to 15000...
2026-01-26 16:00:44 - run_jobs - INFO - Upserting batch 15000 to 15500...
2026-01-26 16:00:46 - run_jobs - INFO - Upserting batch 15500 to 16000...
2026-01-26 16:00:47 - run_jobs - INFO - Upserting batch 16000 to 16500...
2026-01-26 16:00:47 - run_jobs - INFO - Upserting batch 16500 to 17000...
2026-01-26 16:00:48 - run_jobs - INFO - Upserting batch 17000 to 17500...
2026-01-26 16:00:50 - run_jobs - INFO - Upserting batch 17500 to 18000...
2026-01-26 16:00:50 - run_jobs - INFO - Upserting batch 18000 to 18500...
2026-01-26 16:00:51 - run_jobs - INFO - Upserting batch 18500 to 19000...
2026-01-26 16:00:52 - run_jobs - INFO - Upserting batch 19000 to 19500...
2026-01-26 16:00:53 - run_jobs - INFO - Upserting batch 19500 to 20000...
2026-01-26 16:00:54 - run_jobs - INFO - Upserting batch 20000 to 20500...
2026-01-26 16:00:55 - run_jobs - INFO - Upserting batch 20500 to 21000...
2026-01-26 16:00:56 - run_jobs - INFO - Upserting batch 21000 to 21500...
2026-01-26 16:00:57 - run_jobs - INFO - Upserting batch 21500 to 22000...
2026-01-26 16:00:58 - run_jobs - INFO - Upserting batch 22000 to 22500...
2026-01-26 16:00:58 - run_jobs - INFO - Upserting batch 22500 to 23000...
2026-01-26 16:00:59 - run_jobs - INFO - Upserting batch 23000 to 23500...
2026-01-26 16:01:00 - run_jobs - INFO - Upserting batch 23500 to 24000...
2026-01-26 16:01:01 - run_jobs - INFO - Upserting batch 24000 to 24500...
2026-01-26 16:01:01 - run_jobs - INFO - Upserting batch 24500 to 25000...
2026-01-26 16:01:02 - run_jobs - INFO - Upserting batch 25000 to 25500...
2026-01-26 16:01:03 - run_jobs - INFO - Upserting batch 25500 to 26000...
2026-01-26 16:01:04 - run_jobs - INFO - Upserting batch 26000 to 26500...
2026-01-26 16:01:04 - run_jobs - INFO - Upserting batch 26500 to 27000...
2026-01-26 16:01:05 - run_jobs - INFO - Upserting batch 27000 to 27500...
2026-01-26 16:01:06 - run_jobs - INFO - Upserting batch 27500 to 28000...
2026-01-26 16:01:07 - run_jobs - INFO - Upserting batch 28000 to 28500...
2026-01-26 16:01:08 - run_jobs - INFO - Upserting batch 28500 to 29000...
2026-01-26 16:01:08 - run_jobs - INFO - Upserting batch 29000 to 29500...
2026-01-26 16:01:09 - run_jobs - INFO - Upserting batch 29500 to 30000...
2026-01-26 16:01:10 - run_jobs - INFO - Upserting batch 30000 to 30500...
2026-01-26 16:01:11 - run_jobs - INFO - Upserting batch 30500 to 31000...
2026-01-26 16:01:12 - run_jobs - INFO - Upserting batch 31000 to 31500...
2026-01-26 16:01:13 - run_jobs - INFO - Upserting batch 31500 to 32000...
2026-01-26 16:01:14 - run_jobs - INFO - Upserting batch 32000 to 32500...
2026-01-26 16:01:14 - run_jobs - INFO - Upserting batch 32500 to 33000...
2026-01-26 16:01:15 - run_jobs - INFO - Upserting batch 33000 to 33500...
2026-01-26 16:01:16 - run_jobs - INFO - Upserting batch 33500 to 34000...
2026-01-26 16:01:17 - run_jobs - INFO - Upserting batch 34000 to 34500...
2026-01-26 16:01:18 - run_jobs - INFO - Upserting batch 34500 to 35000...
2026-01-26 16:01:19 - run_jobs - INFO - Upserting batch 35000 to 35500...
2026-01-26 16:01:20 - run_jobs - INFO - Upserting batch 35500 to 36000...
2026-01-26 16:01:21 - run_jobs - INFO - Upserting batch 36000 to 36500...
2026-01-26 16:01:24 - run_jobs - INFO - Upserting batch 36500 to 37000...
2026-01-26 16:01:25 - run_jobs - INFO - Upserting batch 37000 to 37500...
2026-01-26 16:01:27 - run_jobs - INFO - Upserting batch 37500 to 38000...
2026-01-26 16:01:28 - run_jobs - INFO - Upserting batch 38000 to 38500...
2026-01-26 16:01:29 - run_jobs - INFO - Upserting batch 38500 to 39000...
2026-01-26 16:01:30 - run_jobs - INFO - Upserting batch 39000 to 39500...
2026-01-26 16:01:34 - run_jobs - INFO - Upserting batch 39500 to 40000...
2026-01-26 16:01:35 - run_jobs - INFO - Upserting batch 40000 to 40500...
2026-01-26 16:01:36 - run_jobs - INFO - Upserting batch 40500 to 41000...
2026-01-26 16:01:38 - run_jobs - INFO - Upserting batch 41000 to 41500...
2026-01-26 16:01:40 - run_jobs - INFO - Upserting batch 41500 to 42000...
2026-01-26 16:01:42 - run_jobs - INFO - Upserting batch 42000 to 42500...
2026-01-26 16:01:43 - run_jobs - INFO - Upserting batch 42500 to 43000...
2026-01-26 16:01:44 - run_jobs - INFO - Upserting batch 43000 to 43500...
2026-01-26 16:01:46 - run_jobs - INFO - Upserting batch 43500 to 44000...
2026-01-26 16:01:49 - run_jobs - INFO - Upserting batch 44000 to 44500...
2026-01-26 16:01:51 - run_jobs - INFO - Upserting batch 44500 to 45000...
2026-01-26 16:01:53 - run_jobs - INFO - Upserting batch 45000 to 45500...
2026-01-26 16:01:54 - run_jobs - INFO - Upserting batch 45500 to 46000...
2026-01-26 16:01:56 - run_jobs - INFO - Upserting batch 46000 to 46500...
2026-01-26 16:01:57 - run_jobs - INFO - Upserting batch 46500 to 47000...
2026-01-26 16:01:59 - run_jobs - INFO - Upserting batch 47000 to 47500...
2026-01-26 16:02:01 - run_jobs - INFO - Upserting batch 47500 to 48000...
2026-01-26 16:02:08 - run_jobs - INFO - Upserting batch 48000 to 48500...
2026-01-26 16:02:13 - run_jobs - INFO - Upserting batch 48500 to 49000...
2026-01-26 16:02:18 - run_jobs - INFO - Upserting batch 49000 to 49500...
2026-01-26 16:02:24 - run_jobs - INFO - Upserting batch 49500 to 50000...
2026-01-26 16:02:28 - run_jobs - INFO - Upserting batch 50000 to 50500...
2026-01-26 16:02:29 - run_jobs - INFO - Upserting batch 50500 to 51000...
2026-01-26 16:02:31 - run_jobs - INFO - Upserting batch 51000 to 51500...
2026-01-26 16:02:32 - run_jobs - INFO - Upserting batch 51500 to 52000...
2026-01-26 16:02:33 - run_jobs - INFO - Upserting batch 52000 to 52500...
2026-01-26 16:02:38 - run_jobs - INFO - Upserting batch 52500 to 53000...
2026-01-26 16:02:41 - run_jobs - INFO - Upserting batch 53000 to 53500...
2026-01-26 16:02:46 - run_jobs - INFO - Upserting batch 53500 to 54000...
2026-01-26 16:02:48 - run_jobs - INFO - Upserting batch 54000 to 54500...
2026-01-26 16:02:50 - run_jobs - INFO - Upserting batch 54500 to 55000...
2026-01-26 16:02:51 - run_jobs - INFO - Upserting batch 55000 to 55500...
2026-01-26 16:02:52 - run_jobs - INFO - Upserting batch 55500 to 56000...
2026-01-26 16:02:55 - run_jobs - INFO - Upserting batch 56000 to 56500...
2026-01-26 16:02:56 - run_jobs - INFO - Upserting batch 56500 to 57000...
2026-01-26 16:02:57 - run_jobs - INFO - Upserting batch 57000 to 57500...
2026-01-26 16:02:59 - run_jobs - INFO - Upserting batch 57500 to 58000...
2026-01-26 16:03:01 - run_jobs - INFO - Upserting batch 58000 to 58500...
2026-01-26 16:03:05 - run_jobs - INFO - Upserting batch 58500 to 59000...
2026-01-26 16:03:08 - run_jobs - INFO - Upserting batch 59000 to 59500...
2026-01-26 16:03:09 - run_jobs - INFO - Upserting batch 59500 to 60000...
2026-01-26 16:03:10 - run_jobs - INFO - Upserting batch 60000 to 60500...
2026-01-26 16:03:12 - run_jobs - INFO - Upserting batch 60500 to 61000...
2026-01-26 16:03:14 - run_jobs - INFO - Upserting batch 61000 to 61500...
2026-01-26 16:03:15 - run_jobs - INFO - Upserting batch 61500 to 62000...
2026-01-26 16:03:17 - run_jobs - INFO - Upserting batch 62000 to 62500...
2026-01-26 16:03:19 - run_jobs - INFO - Upserting batch 62500 to 63000...
2026-01-26 16:03:24 - run_jobs - INFO - Upserting batch 63000 to 63500...
2026-01-26 16:03:25 - run_jobs - INFO - Upserting batch 63500 to 64000...
2026-01-26 16:03:27 - run_jobs - INFO - Upserting batch 64000 to 64500...
2026-01-26 16:03:28 - run_jobs - INFO - Upserting batch 64500 to 65000...
2026-01-26 16:03:29 - run_jobs - INFO - Upserting batch 65000 to 65500...
2026-01-26 16:03:30 - run_jobs - INFO - Upserting batch 65500 to 66000...
2026-01-26 16:03:31 - run_jobs - INFO - Upserting batch 66000 to 66500...
2026-01-26 16:03:32 - run_jobs - INFO - Upserting batch 66500 to 67000...
2026-01-26 16:03:33 - run_jobs - INFO - Upserting batch 67000 to 67500...
2026-01-26 16:03:34 - run_jobs - INFO - Upserting batch 67500 to 68000...
2026-01-26 16:03:35 - run_jobs - INFO - Upserting batch 68000 to 68500...
2026-01-26 16:03:36 - run_jobs - INFO - Upserting batch 68500 to 69000...
2026-01-26 16:03:37 - run_jobs - INFO - Upserting batch 69000 to 69500...
2026-01-26 16:03:38 - run_jobs - INFO - Upserting batch 69500 to 70000...
2026-01-26 16:03:39 - run_jobs - INFO - Upserting batch 70000 to 70500...
2026-01-26 16:03:40 - run_jobs - INFO - Upserting batch 70500 to 71000...
2026-01-26 16:03:41 - run_jobs - INFO - Upserting batch 71000 to 71500...
2026-01-26 16:03:42 - run_jobs - INFO - Upserting batch 71500 to 72000...
2026-01-26 16:03:42 - run_jobs - INFO - Upserting batch 72000 to 72500...
2026-01-26 16:03:43 - run_jobs - INFO - Upserting batch 72500 to 73000...
2026-01-26 16:03:44 - run_jobs - INFO - Upserting batch 73000 to 73500...
2026-01-26 16:03:45 - run_jobs - INFO - Upserting batch 73500 to 74000...
2026-01-26 16:03:46 - run_jobs - INFO - Upserting batch 74000 to 74500...
2026-01-26 16:03:47 - run_jobs - INFO - Upserting batch 74500 to 75000...
2026-01-26 16:03:47 - run_jobs - INFO - Upserting batch 75000 to 75500...
2026-01-26 16:03:48 - run_jobs - INFO - Upserting batch 75500 to 76000...
2026-01-26 16:03:49 - run_jobs - INFO - Upserting batch 76000 to 76500...
2026-01-26 16:03:50 - run_jobs - INFO - Upserting batch 76500 to 77000...
2026-01-26 16:03:51 - run_jobs - INFO - Upserting batch 77000 to 77500...
2026-01-26 16:03:52 - run_jobs - INFO - Upserting batch 77500 to 78000...
2026-01-26 16:03:52 - run_jobs - INFO - Upserting batch 78000 to 78500...
2026-01-26 16:03:53 - run_jobs - INFO - Upserting batch 78500 to 79000...
2026-01-26 16:03:54 - run_jobs - INFO - Upserting batch 79000 to 79500...
2026-01-26 16:03:55 - run_jobs - INFO - Upserting batch 79500 to 80000...
2026-01-26 16:03:56 - run_jobs - INFO - Upserting batch 80000 to 80500...
2026-01-26 16:03:57 - run_jobs - INFO - Upserting batch 80500 to 81000...
2026-01-26 16:03:57 - run_jobs - INFO - Upserting batch 81000 to 81500...
2026-01-26 16:03:59 - run_jobs - INFO - Upserting batch 81500 to 82000...
2026-01-26 16:04:00 - run_jobs - INFO - Upserting batch 82000 to 82500...
2026-01-26 16:04:01 - run_jobs - INFO - Upserting batch 82500 to 83000...
2026-01-26 16:04:02 - run_jobs - INFO - Upserting batch 83000 to 83500...
2026-01-26 16:04:02 - run_jobs - INFO - Upserting batch 83500 to 84000...
2026-01-26 16:04:03 - run_jobs - INFO - Upserting batch 84000 to 84500...
2026-01-26 16:04:04 - run_jobs - INFO - Upserting batch 84500 to 85000...
2026-01-26 16:04:05 - run_jobs - INFO - Upserting batch 85000 to 85500...
2026-01-26 16:04:06 - run_jobs - INFO - Upserting batch 85500 to 86000...
2026-01-26 16:04:07 - run_jobs - INFO - Upserting batch 86000 to 86500...
2026-01-26 16:04:08 - run_jobs - INFO - Upserting batch 86500 to 87000...
2026-01-26 16:04:08 - run_jobs - INFO - Upserting batch 87000 to 87500...
2026-01-26 16:04:09 - run_jobs - INFO - Upserting batch 87500 to 88000...
2026-01-26 16:04:10 - run_jobs - INFO - Upserting batch 88000 to 88500...
2026-01-26 16:04:11 - run_jobs - INFO - Upserting batch 88500 to 89000...
2026-01-26 16:04:12 - run_jobs - INFO - Upserting batch 89000 to 89500...
2026-01-26 16:04:12 - run_jobs - INFO - Upserting batch 89500 to 90000...
2026-01-26 16:04:13 - run_jobs - INFO - Upserting batch 90000 to 90500...
2026-01-26 16:04:14 - run_jobs - INFO - Upserting batch 90500 to 91000...
2026-01-26 16:04:15 - run_jobs - INFO - Upserting batch 91000 to 91500...
2026-01-26 16:04:16 - run_jobs - INFO - Upserting batch 91500 to 92000...
2026-01-26 16:04:16 - run_jobs - INFO - Upserting batch 92000 to 92500...
2026-01-26 16:04:17 - run_jobs - INFO - Upserting batch 92500 to 93000...
2026-01-26 16:04:18 - run_jobs - INFO - Upserting batch 93000 to 93500...
2026-01-26 16:04:19 - run_jobs - INFO - Upserting batch 93500 to 94000...
2026-01-26 16:04:20 - run_jobs - INFO - Upserting batch 94000 to 94500...
2026-01-26 16:04:21 - run_jobs - INFO - Upserting batch 94500 to 95000...
2026-01-26 16:04:22 - run_jobs - INFO - Upserting batch 95000 to 95500...
2026-01-26 16:04:23 - run_jobs - INFO - Upserting batch 95500 to 96000...
2026-01-26 16:04:24 - run_jobs - INFO - Upserting batch 96000 to 96500...
2026-01-26 16:04:25 - run_jobs - INFO - Upserting batch 96500 to 97000...
2026-01-26 16:04:26 - run_jobs - INFO - Upserting batch 97000 to 97500...
2026-01-26 16:04:27 - run_jobs - INFO - Upserting batch 97500 to 98000...
2026-01-26 16:04:29 - run_jobs - INFO - Upserting batch 98000 to 98500...
2026-01-26 16:04:30 - run_jobs - INFO - Upserting batch 98500 to 99000...
2026-01-26 16:04:31 - run_jobs - INFO - Upserting batch 99000 to 99500...
2026-01-26 16:04:33 - run_jobs - INFO - Upserting batch 99500 to 100000...
2026-01-26 16:04:38 - run_jobs - INFO - Upserting batch 100000 to 100500...
2026-01-26 16:04:39 - run_jobs - INFO - Upserting batch 100500 to 101000...
2026-01-26 16:04:42 - run_jobs - INFO - Upserting batch 101000 to 101500...
2026-01-26 16:04:43 - run_jobs - INFO - Upserting batch 101500 to 102000...
2026-01-26 16:04:44 - run_jobs - INFO - Upserting batch 102000 to 102500...
2026-01-26 16:04:45 - run_jobs - INFO - Upserting batch 102500 to 103000...
2026-01-26 16:04:47 - run_jobs - INFO - Upserting batch 103000 to 103500...
2026-01-26 16:04:48 - run_jobs - INFO - Upserting batch 103500 to 104000...
2026-01-26 16:04:50 - run_jobs - INFO - Upserting batch 104000 to 104454...
2026-01-26 16:04:52 - run_jobs - INFO - Jobs Sync Completed Successfully!
2026-01-26 16:22:41 - jobs_automation - INFO - --- Processing Jobs Reports ---
2026-01-26 16:22:41 - jobs_automation - INFO - Generating DAILY Report for 2026-01-23
2026-01-26 16:22:42 - jobs_automation - INFO - No new jobs found for daily report.
2026-01-26 16:23:11 - jobs_automation - INFO - --- Processing Jobs Reports ---
2026-01-26 16:23:11 - jobs_automation - INFO - Generating DAILY Report for 2026-01-23
2026-01-26 16:23:12 - jobs_automation - INFO - No new jobs found for daily report.
2026-01-26 16:23:34 - jobs_automation - INFO - --- Processing Jobs Reports ---
2026-01-26 16:23:34 - jobs_automation - INFO - Generating DAILY Report for 2026-01-23
2026-01-26 16:23:34 - jobs_automation - INFO - DEBUG: Params New: {'data_cadastro': 'gte.2026-01-23T00:00:00,lte.2026-01-23T23:59:59', 'select': '*'}
2026-01-26 16:23:34 - jobs_automation - INFO - DEBUG: Found 0 new jobs.
2026-01-26 16:23:35 - jobs_automation - INFO - DEBUG: Found 0 cancelled jobs.
2026-01-26 16:23:35 - jobs_automation - INFO - No new jobs found for daily report.
2026-01-26 16:24:05 - jobs_automation - INFO - --- Processing Jobs Reports ---
2026-01-26 16:24:05 - jobs_automation - INFO - Generating DAILY Report for 2026-01-23
2026-01-26 16:24:05 - jobs_automation - INFO - DEBUG SAMPLE: {'id': 61884, 'data_cadastro': '2021-08-19T10:15:57+00:00'}
2026-01-26 16:24:06 - jobs_automation - INFO - DEBUG: Params New: {'data_cadastro': 'gte.2026-01-23T00:00:00,lte.2026-01-23T23:59:59', 'select': '*'}
2026-01-26 16:24:06 - jobs_automation - INFO - DEBUG: Found 0 new jobs.
2026-01-26 16:24:06 - jobs_automation - INFO - DEBUG: Found 0 cancelled jobs.
2026-01-26 16:24:06 - jobs_automation - INFO - No new jobs found for daily report.
2026-01-26 16:24:34 - jobs_automation - INFO - --- Processing Jobs Reports ---
2026-01-26 16:24:34 - jobs_automation - INFO - Generating DAILY Report for 2026-01-23
2026-01-26 16:24:34 - jobs_automation - INFO - DEBUG SAMPLE: {'id': 61884, 'data_cadastro': '2021-08-19T10:15:57+00:00'}
2026-01-26 16:24:35 - jobs_automation - INFO - DEBUG: Params New: {'data_cadastro': 'gte.2026-01-23T00:00:00,lte.2026-01-23T23:59:59', 'select': '*'}
2026-01-26 16:24:35 - jobs_automation - INFO - DEBUG: Found 0 new jobs.
2026-01-26 16:24:35 - jobs_automation - INFO - DEBUG: Found 0 cancelled jobs.
2026-01-26 16:24:35 - jobs_automation - INFO - No new jobs found for daily report.
2026-01-26 16:25:39 - jobs_automation - INFO - --- Processing Jobs Reports ---
2026-01-26 16:25:39 - jobs_automation - INFO - Generating DAILY Report for 2026-01-23
2026-01-26 16:25:39 - jobs_automation - INFO - Supabase Service URL: https://vfbfnucseymoxjdwrvpz.supabase.co
2026-01-26 16:25:39 - jobs_automation - INFO - Supabase Key Prefix: eyJhbGciOi
2026-01-26 16:25:39 - jobs_automation - INFO - DEBUG ITEMS RAW: [{'id': 61884, 'data_cadastro': '2021-08-19T10:15:57+00:00'}]
2026-01-26 16:25:39 - jobs_automation - INFO - DEBUG SAMPLE: {'id': 61884, 'data_cadastro': '2021-08-19T10:15:57+00:00'}
2026-01-26 16:25:39 - jobs_automation - INFO - DEBUG: Params New: {'data_cadastro': 'gte.2026-01-23T00:00:00,lte.2026-01-23T23:59:59', 'select': '*'}
2026-01-26 16:25:39 - jobs_automation - INFO - DEBUG: Found 0 new jobs.
2026-01-26 16:25:40 - jobs_automation - INFO - DEBUG: Found 0 cancelled jobs.
2026-01-26 16:25:40 - jobs_automation - INFO - No new jobs found for daily report.
2026-01-26 16:25:54 - jobs_automation - INFO - --- Processing Jobs Reports ---
2026-01-26 16:25:54 - jobs_automation - INFO - Generating DAILY Report for 2026-01-23
2026-01-26 16:25:54 - jobs_automation - INFO - Supabase Service URL: https://vfbfnucseymoxjdwrvpz.supabase.co
2026-01-26 16:25:54 - jobs_automation - INFO - Supabase Key Prefix: eyJhbGciOi
2026-01-26 16:25:54 - jobs_automation - INFO - DEBUG ITEMS RAW: [{'id': 61884, 'data_cadastro': '2021-08-19T10:15:57+00:00'}]
2026-01-26 16:25:54 - jobs_automation - INFO - DEBUG SAMPLE: {'id': 61884, 'data_cadastro': '2021-08-19T10:15:57+00:00'}
2026-01-26 16:26:29 - jobs_automation - INFO - --- Processing Jobs Reports ---
2026-01-26 16:26:29 - jobs_automation - INFO - Generating DAILY Report for 2026-01-23
2026-01-26 16:26:29 - jobs_automation - INFO - Supabase Service URL: https://vfbfnucseymoxjdwrvpz.supabase.co
2026-01-26 16:26:29 - jobs_automation - INFO - Supabase Key Prefix: eyJhbGciOi
2026-01-26 16:26:30 - jobs_automation - INFO - DEBUG ITEMS RAW: [{'id': 61884, 'data_cadastro': '2021-08-19T10:15:57+00:00'}]
2026-01-26 16:26:30 - jobs_automation - INFO - DEBUG SAMPLE: {'id': 61884, 'data_cadastro': '2021-08-19T10:15:57+00:00'}
2026-01-26 16:26:37 - jobs_automation - INFO - DEBUG: Params New: {'data_cadastro': ['gte.2026-01-23T00:00:00', 'lte.2026-01-23T23:59:59'], 'select': '*'}
2026-01-26 16:26:37 - jobs_automation - INFO - DEBUG: Found 21 new jobs.
2026-01-26 16:26:44 - jobs_automation - INFO - DEBUG: Found 0 cancelled jobs.
2026-01-26 16:26:44 - jobs_automation - INFO - Generated .\images\Relatório de Novos Jobs Diário 2026-01-23.pdf but no recipients to send.
2026-01-26 16:28:12 - jobs_automation - INFO - --- Processing Jobs Reports ---
2026-01-26 16:28:12 - jobs_automation - INFO - Generating DAILY Report for 2026-01-23
2026-01-26 16:28:19 - jobs_automation - INFO - Found 21 new jobs.
2026-01-26 16:28:20 - jobs_automation - INFO - Found 0 cancelled jobs.
2026-01-26 16:28:21 - jobs_automation - INFO - Generated .\images\Relatório de Novos Jobs Diário 2026-01-23.pdf but no recipients to send.
2026-01-26 16:28:21 - jobs_automation - INFO - Generating WEEKLY Report for 2026-01-19 to 2026-01-25
2026-01-26 16:28:22 - jobs_automation - INFO - Found 79 new jobs.
2026-01-26 16:28:24 - jobs_automation - INFO - Found 0 cancelled jobs.
2026-01-26 16:28:24 - jobs_automation - INFO - Generated .\images\Relatório de Novos Jobs Semanal 2026-01-19.pdf but no recipients to send.
2026-01-26 16:31:25 - jobs_automation - INFO - --- Processing Jobs Reports ---
2026-01-26 16:31:25 - jobs_automation - INFO - Generating DAILY Report for 2026-01-23
2026-01-26 16:31:30 - jobs_automation - INFO - Found 21 new jobs.
2026-01-26 16:31:31 - jobs_automation - INFO - Found 0 cancelled jobs.
2026-01-26 16:31:31 - jobs_automation - INFO - Generated .\images\Relatório de Novos Jobs Diário 2026-01-23.pdf but no recipients to send.
2026-01-26 16:31:49 - jobs_automation - INFO - --- Processing Jobs Reports ---
2026-01-26 16:31:49 - jobs_automation - INFO - Generating DAILY Report for 2026-01-23
2026-01-26 16:31:50 - jobs_automation - INFO - Found 21 new jobs.
2026-01-26 16:31:52 - jobs_automation - INFO - Found 0 cancelled jobs.
2026-01-26 16:31:52 - jobs_automation - INFO - Generated .\images\Relatório de Novos Jobs Diário 2026-01-23.pdf but no recipients to send.
2026-01-26 16:31:52 - jobs_automation - INFO - Generating WEEKLY Report for 2026-01-19 to 2026-01-25
2026-01-26 16:31:53 - jobs_automation - INFO - Found 79 new jobs.
2026-01-26 16:31:54 - jobs_automation - INFO - Found 0 cancelled jobs.
2026-01-26 16:31:55 - jobs_automation - INFO - Generated .\images\Relatório de Novos Jobs Semanal 2026-01-19.pdf but no recipients to send.
2026-01-26 16:33:18 - jobs_automation - INFO - --- Processing Jobs Reports ---
2026-01-26 16:33:18 - jobs_automation - INFO - Generating DAILY Report for 2026-01-23
2026-01-26 16:33:21 - jobs_automation - INFO - Found 21 new jobs.
2026-01-26 16:33:22 - jobs_automation - INFO - Found 0 cancelled jobs.
2026-01-26 16:33:22 - jobs_automation - INFO - Generated .\images\Relatório de Novos Jobs Diário 2026-01-23.pdf but no recipients to send.
2026-01-26 16:33:32 - jobs_automation - INFO - --- Processing Jobs Reports ---
2026-01-26 16:33:32 - jobs_automation - INFO - Generating DAILY Report for 2026-01-23
2026-01-26 16:33:33 - jobs_automation - INFO - Found 21 new jobs.
2026-01-26 16:33:34 - jobs_automation - INFO - Found 0 cancelled jobs.
2026-01-26 16:33:34 - jobs_automation - INFO - Generated .\images\Relatório de Novos Jobs Diário 2026-01-23.pdf but no recipients to send.
2026-01-26 16:33:34 - jobs_automation - INFO - Generating WEEKLY Report for 2026-01-19 to 2026-01-25
2026-01-26 16:33:35 - jobs_automation - INFO - Found 79 new jobs.
2026-01-26 16:33:36 - jobs_automation - INFO - Found 0 cancelled jobs.
2026-01-26 16:33:37 - jobs_automation - INFO - Generated .\images\Relatório de Novos Jobs Semanal 2026-01-19.pdf but no recipients to send.
2026-01-26 16:35:31 - jobs_automation - INFO - --- Processing Jobs Reports ---
2026-01-26 16:35:31 - jobs_automation - INFO - Generating DAILY Report for 2026-01-23
2026-01-26 16:35:40 - jobs_automation - INFO - Found 0 new jobs.
2026-01-26 16:35:47 - jobs_automation - INFO - Found 0 cancelled jobs.
2026-01-26 16:35:47 - jobs_automation - INFO - No new jobs found for daily report.
2026-01-26 16:55:25 - jobs_automation - INFO - --- Processing Jobs Reports ---
2026-01-26 16:55:25 - jobs_automation - INFO - Generating DAILY Report for 2025-11-25
2026-01-26 16:55:32 - jobs_automation - INFO - Found 18 new jobs.
2026-01-26 16:55:33 - jobs_automation - INFO - --- Processing Jobs Reports ---
2026-01-26 16:55:33 - jobs_automation - INFO - Generating DAILY Report for 2026-01-23
2026-01-26 16:55:40 - jobs_automation - INFO - Found 6 cancelled jobs.
2026-01-26 16:55:40 - jobs_automation - INFO - Generated .\images\Relatório de Novos Jobs Diário 2025-11-25.pdf but no recipients to send.
2026-01-26 16:55:40 - jobs_automation - INFO - Generated .\images\Relatório de Jobs Cancelados Diário 2025-11-25.pdf but no recipients to send.
2026-01-26 16:55:41 - jobs_automation - INFO - Found 21 new jobs.
2026-01-26 16:55:42 - jobs_automation - INFO - Found 0 cancelled jobs.
2026-01-26 16:55:42 - jobs_automation - INFO - Generated .\images\Relatório de Novos Jobs Diário 2026-01-23.pdf but no recipients to send.
2026-01-26 16:57:03 - jobs_automation - INFO - --- Processing Jobs Reports ---
2026-01-26 16:57:03 - jobs_automation - INFO - Generating DAILY Report for 2026-01-23
2026-01-26 16:57:09 - jobs_automation - INFO - Found 21 new jobs.
2026-01-26 16:57:13 - jobs_automation - INFO - --- Processing Jobs Reports ---
2026-01-26 16:57:13 - jobs_automation - INFO - Generating DAILY Report for 2025-11-25
2026-01-26 16:57:14 - jobs_automation - INFO - Found 0 cancelled jobs.
2026-01-26 16:57:14 - jobs_automation - INFO - Generated .\images\Relatório de Novos Jobs Diário 2026-01-23.pdf but no recipients to send.
2026-01-26 16:57:15 - jobs_automation - INFO - Found 18 new jobs.
2026-01-26 16:57:17 - jobs_automation - INFO - Found 6 cancelled jobs.
2026-01-26 16:57:17 - jobs_automation - INFO - Generated .\images\Relatório de Novos Jobs Diário 2025-11-25.pdf but no recipients to send.
2026-01-26 16:57:17 - jobs_automation - INFO - Generated .\images\Relatório de Jobs Cancelados Diário 2025-11-25.pdf but no recipients to send.
2026-01-26 17:29:30 - jobs_automation - INFO - --- Processing Jobs Reports ---
2026-01-26 17:29:30 - jobs_automation - INFO - Generating DAILY Report for 2026-01-22
2026-01-26 17:29:31 - jobs_automation - INFO - Found 12 new jobs.
2026-01-26 17:29:31 - jobs_automation - INFO - Found 0 cancelled jobs.
2026-01-26 17:29:31 - jobs_automation - INFO - Generated .\images\Relatório de Jobs Diário 2026-01-22.pdf but no recipients to send.
2026-01-26 17:29:31 - jobs_automation - INFO - --- Processing Jobs Reports ---
2026-01-26 17:29:31 - jobs_automation - INFO - Generating DAILY Report for 2026-01-23
2026-01-26 17:29:32 - jobs_automation - INFO - Found 21 new jobs.
2026-01-26 17:29:32 - jobs_automation - INFO - Found 0 cancelled jobs.
2026-01-26 17:29:32 - jobs_automation - INFO - Generated .\images\Relatório de Jobs Diário 2026-01-23.pdf but no recipients to send.
2026-01-26 17:29:32 - jobs_automation - INFO - Generating WEEKLY Report for 2026-01-19 to 2026-01-25
2026-01-26 17:29:33 - jobs_automation - INFO - Found 79 new jobs.
2026-01-26 17:29:33 - jobs_automation - INFO - Found 0 cancelled jobs.
2026-01-26 17:29:34 - jobs_automation - INFO - Generated .\images\Relatório de Jobs Semanal 2026-01-19.pdf but no recipients to send.
